[debug] [2025-07-15T04:25:18.574Z] ----------------------------------------------------------------------
[debug] [2025-07-15T04:25:18.584Z] Command:       /usr/local/Cellar/node/24.4.0/bin/node /usr/local/bin/firebase deploy --only functions
[debug] [2025-07-15T04:25:18.584Z] CLI Version:   14.10.1
[debug] [2025-07-15T04:25:18.584Z] Platform:      darwin
[debug] [2025-07-15T04:25:18.584Z] Node Version:  v24.4.0
[debug] [2025-07-15T04:25:18.585Z] Time:          Tue Jul 15 2025 09:25:18 GMT+0500 (Pakistan Standard Time)
[debug] [2025-07-15T04:25:18.585Z] ----------------------------------------------------------------------
[debug] 
[debug] [2025-07-15T04:25:18.808Z] > command requires scopes: ["email","openid","https://www.googleapis.com/auth/cloudplatformprojects.readonly","https://www.googleapis.com/auth/firebase","https://www.googleapis.com/auth/cloud-platform"]
[debug] [2025-07-15T04:25:18.808Z] > authorizing via signed-in user (mehran@getconnects.com.au)
[debug] [2025-07-15T04:25:18.808Z] [iam] checking project getconnects-dashboard for permissions ["cloudfunctions.functions.create","cloudfunctions.functions.delete","cloudfunctions.functions.get","cloudfunctions.functions.list","cloudfunctions.functions.update","cloudfunctions.operations.get","firebase.projects.get"]
[debug] [2025-07-15T04:25:18.809Z] Checked if tokens are valid: true, expires at: 1752555914582
[debug] [2025-07-15T04:25:18.809Z] Checked if tokens are valid: true, expires at: 1752555914582
[debug] [2025-07-15T04:25:18.810Z] >>> [apiv2][query] POST https://cloudresourcemanager.googleapis.com/v1/projects/getconnects-dashboard:testIamPermissions [none]
[debug] [2025-07-15T04:25:18.810Z] >>> [apiv2][(partial)header] POST https://cloudresourcemanager.googleapis.com/v1/projects/getconnects-dashboard:testIamPermissions x-goog-quota-user=projects/getconnects-dashboard
[debug] [2025-07-15T04:25:18.811Z] >>> [apiv2][body] POST https://cloudresourcemanager.googleapis.com/v1/projects/getconnects-dashboard:testIamPermissions {"permissions":["cloudfunctions.functions.create","cloudfunctions.functions.delete","cloudfunctions.functions.get","cloudfunctions.functions.list","cloudfunctions.functions.update","cloudfunctions.operations.get","firebase.projects.get"]}
[debug] [2025-07-15T04:25:20.638Z] <<< [apiv2][status] POST https://cloudresourcemanager.googleapis.com/v1/projects/getconnects-dashboard:testIamPermissions 200
[debug] [2025-07-15T04:25:20.638Z] <<< [apiv2][body] POST https://cloudresourcemanager.googleapis.com/v1/projects/getconnects-dashboard:testIamPermissions {"permissions":["cloudfunctions.functions.create","cloudfunctions.functions.delete","cloudfunctions.functions.get","cloudfunctions.functions.list","cloudfunctions.functions.update","cloudfunctions.operations.get","firebase.projects.get"]}
[debug] [2025-07-15T04:25:20.638Z] Checked if tokens are valid: true, expires at: 1752555914582
[debug] [2025-07-15T04:25:20.638Z] Checked if tokens are valid: true, expires at: 1752555914582
[debug] [2025-07-15T04:25:20.639Z] >>> [apiv2][query] POST https://iam.googleapis.com/v1/projects/getconnects-dashboard/serviceAccounts/getconnects-dashboard@appspot.gserviceaccount.com:testIamPermissions [none]
[debug] [2025-07-15T04:25:20.639Z] >>> [apiv2][body] POST https://iam.googleapis.com/v1/projects/getconnects-dashboard/serviceAccounts/getconnects-dashboard@appspot.gserviceaccount.com:testIamPermissions {"permissions":["iam.serviceAccounts.actAs"]}
[debug] [2025-07-15T04:25:22.869Z] <<< [apiv2][status] POST https://iam.googleapis.com/v1/projects/getconnects-dashboard/serviceAccounts/getconnects-dashboard@appspot.gserviceaccount.com:testIamPermissions 200
[debug] [2025-07-15T04:25:22.869Z] <<< [apiv2][body] POST https://iam.googleapis.com/v1/projects/getconnects-dashboard/serviceAccounts/getconnects-dashboard@appspot.gserviceaccount.com:testIamPermissions {"permissions":["iam.serviceAccounts.actAs"]}
[info] 
[info] === Deploying to 'getconnects-dashboard'...
[info] 
[info] i  deploying functions 
[debug] [2025-07-15T04:25:22.873Z] Checked if tokens are valid: true, expires at: 1752555914582
[debug] [2025-07-15T04:25:22.873Z] Checked if tokens are valid: true, expires at: 1752555914582
[debug] [2025-07-15T04:25:22.873Z] >>> [apiv2][query] GET https://cloudresourcemanager.googleapis.com/v1/projects/getconnects-dashboard [none]
[debug] [2025-07-15T04:25:23.287Z] <<< [apiv2][status] GET https://cloudresourcemanager.googleapis.com/v1/projects/getconnects-dashboard 200
[debug] [2025-07-15T04:25:23.287Z] <<< [apiv2][body] GET https://cloudresourcemanager.googleapis.com/v1/projects/getconnects-dashboard {"projectNumber":"418337344954","projectId":"getconnects-dashboard","lifecycleState":"ACTIVE","name":"getconnects-dashboard","labels":{"firebase":"enabled","firebase-core":"disabled"},"createTime":"2025-07-15T03:13:40.496002Z","parent":{"type":"organization","id":"1029238353771"}}
[info] i  functions: preparing codebase default for deployment 
[info] i  functions: ensuring required API cloudfunctions.googleapis.com is enabled... 
[info] i  functions: ensuring required API cloudbuild.googleapis.com is enabled... 
[debug] [2025-07-15T04:25:23.289Z] Checked if tokens are valid: true, expires at: 1752555914582
[debug] [2025-07-15T04:25:23.289Z] Checked if tokens are valid: true, expires at: 1752555914582
[info] i  artifactregistry: ensuring required API artifactregistry.googleapis.com is enabled... 
[debug] [2025-07-15T04:25:23.289Z] Checked if tokens are valid: true, expires at: 1752555914582
[debug] [2025-07-15T04:25:23.289Z] Checked if tokens are valid: true, expires at: 1752555914582
[debug] [2025-07-15T04:25:23.290Z] >>> [apiv2][query] GET https://serviceusage.googleapis.com/v1/projects/getconnects-dashboard/services/cloudbuild.googleapis.com [none]
[debug] [2025-07-15T04:25:23.290Z] >>> [apiv2][(partial)header] GET https://serviceusage.googleapis.com/v1/projects/getconnects-dashboard/services/cloudbuild.googleapis.com x-goog-quota-user=projects/getconnects-dashboard
[debug] [2025-07-15T04:25:23.291Z] >>> [apiv2][query] GET https://serviceusage.googleapis.com/v1/projects/getconnects-dashboard/services/artifactregistry.googleapis.com [none]
[debug] [2025-07-15T04:25:23.291Z] >>> [apiv2][(partial)header] GET https://serviceusage.googleapis.com/v1/projects/getconnects-dashboard/services/artifactregistry.googleapis.com x-goog-quota-user=projects/getconnects-dashboard
[debug] [2025-07-15T04:25:25.251Z] <<< [apiv2][status] GET https://serviceusage.googleapis.com/v1/projects/getconnects-dashboard/services/cloudbuild.googleapis.com 200
[debug] [2025-07-15T04:25:25.251Z] <<< [apiv2][body] GET https://serviceusage.googleapis.com/v1/projects/getconnects-dashboard/services/cloudbuild.googleapis.com [omitted]
[warn] ⚠  functions: missing required API cloudbuild.googleapis.com. Enabling now... 
[debug] [2025-07-15T04:25:25.252Z] Checked if tokens are valid: true, expires at: 1752555914582
[debug] [2025-07-15T04:25:25.252Z] Checked if tokens are valid: true, expires at: 1752555914582
[debug] [2025-07-15T04:25:25.252Z] >>> [apiv2][query] POST https://serviceusage.googleapis.com/v1/projects/getconnects-dashboard/services/cloudbuild.googleapis.com:enable [none]
[debug] [2025-07-15T04:25:25.252Z] >>> [apiv2][(partial)header] POST https://serviceusage.googleapis.com/v1/projects/getconnects-dashboard/services/cloudbuild.googleapis.com:enable x-goog-quota-user=projects/getconnects-dashboard
[debug] [2025-07-15T04:25:25.514Z] <<< [apiv2][status] GET https://serviceusage.googleapis.com/v1/projects/getconnects-dashboard/services/artifactregistry.googleapis.com 200
[debug] [2025-07-15T04:25:25.514Z] <<< [apiv2][body] GET https://serviceusage.googleapis.com/v1/projects/getconnects-dashboard/services/artifactregistry.googleapis.com [omitted]
[warn] ⚠  artifactregistry: missing required API artifactregistry.googleapis.com. Enabling now... 
[debug] [2025-07-15T04:25:25.514Z] Checked if tokens are valid: true, expires at: 1752555914582
[debug] [2025-07-15T04:25:25.514Z] Checked if tokens are valid: true, expires at: 1752555914582
[debug] [2025-07-15T04:25:25.515Z] >>> [apiv2][query] POST https://serviceusage.googleapis.com/v1/projects/getconnects-dashboard/services/artifactregistry.googleapis.com:enable [none]
[debug] [2025-07-15T04:25:25.515Z] >>> [apiv2][(partial)header] POST https://serviceusage.googleapis.com/v1/projects/getconnects-dashboard/services/artifactregistry.googleapis.com:enable x-goog-quota-user=projects/getconnects-dashboard
[debug] [2025-07-15T04:25:27.037Z] <<< [apiv2][status] POST https://serviceusage.googleapis.com/v1/projects/getconnects-dashboard/services/cloudbuild.googleapis.com:enable 200
[debug] [2025-07-15T04:25:27.037Z] <<< [apiv2][body] POST https://serviceusage.googleapis.com/v1/projects/getconnects-dashboard/services/cloudbuild.googleapis.com:enable [omitted]
[debug] [2025-07-15T04:25:27.149Z] <<< [apiv2][status] POST https://serviceusage.googleapis.com/v1/projects/getconnects-dashboard/services/artifactregistry.googleapis.com:enable 200
[debug] [2025-07-15T04:25:27.149Z] <<< [apiv2][body] POST https://serviceusage.googleapis.com/v1/projects/getconnects-dashboard/services/artifactregistry.googleapis.com:enable [omitted]
[debug] [2025-07-15T04:25:37.161Z] Checked if tokens are valid: true, expires at: 1752555914582
[debug] [2025-07-15T04:25:37.161Z] Checked if tokens are valid: true, expires at: 1752555914582
[debug] [2025-07-15T04:25:37.161Z] >>> [apiv2][query] GET https://firebase.googleapis.com/v1beta1/projects/getconnects-dashboard/adminSdkConfig [none]
[debug] [2025-07-15T04:25:38.262Z] <<< [apiv2][status] GET https://firebase.googleapis.com/v1beta1/projects/getconnects-dashboard/adminSdkConfig 200
[debug] [2025-07-15T04:25:38.263Z] <<< [apiv2][body] GET https://firebase.googleapis.com/v1beta1/projects/getconnects-dashboard/adminSdkConfig {"projectId":"getconnects-dashboard","storageBucket":"getconnects-dashboard.firebasestorage.app"}
[debug] [2025-07-15T04:25:38.263Z] Checked if tokens are valid: true, expires at: 1752555914582
[debug] [2025-07-15T04:25:38.263Z] Checked if tokens are valid: true, expires at: 1752555914582
[debug] [2025-07-15T04:25:38.264Z] >>> [apiv2][query] GET https://runtimeconfig.googleapis.com/v1beta1/projects/getconnects-dashboard/configs [none]
[debug] [2025-07-15T04:25:39.583Z] <<< [apiv2][status] GET https://runtimeconfig.googleapis.com/v1beta1/projects/getconnects-dashboard/configs 200
[debug] [2025-07-15T04:25:39.583Z] <<< [apiv2][body] GET https://runtimeconfig.googleapis.com/v1beta1/projects/getconnects-dashboard/configs {}
[debug] [2025-07-15T04:25:39.591Z] Validating nodejs source
[debug] [2025-07-15T04:25:41.501Z] > [functions] package.json contents: {
  "name": "functions",
  "description": "Cloud Functions for Firebase",
  "scripts": {
    "serve": "firebase emulators:start --only functions",
    "shell": "firebase functions:shell",
    "start": "npm run shell",
    "deploy": "firebase deploy --only functions",
    "logs": "firebase functions:log"
  },
  "engines": {
    "node": "22"
  },
  "main": "index.js",
  "dependencies": {
    "firebase-admin": "^12.6.0",
    "firebase-functions": "^6.0.1"
  },
  "devDependencies": {
    "firebase-functions-test": "^3.1.0"
  },
  "private": true
}
[debug] [2025-07-15T04:25:41.502Z] Building nodejs source
[info] i  functions: Loading and analyzing source code for codebase default to determine what to deploy 
[debug] [2025-07-15T04:25:41.503Z] Could not find functions.yaml. Must use http discovery
[debug] [2025-07-15T04:25:41.521Z] Found firebase-functions binary at '/Users/muhammadqadeer/Getconnects app/master-dashboard-app/functions/node_modules/.bin/firebase-functions'
[info] Serving at port 8404

[debug] [2025-07-15T04:25:43.122Z] Got response from /__/functions.yaml {"endpoints":{"createClient":{"availableMemoryMb":null,"timeoutSeconds":null,"minInstances":null,"maxInstances":null,"ingressSettings":null,"concurrency":null,"serviceAccountEmail":null,"vpc":null,"platform":"gcfv2","labels":{},"callableTrigger":{},"entryPoint":"createClient"}},"specVersion":"v1alpha1","requiredAPIs":[],"extensions":{}}
[info] i  extensions: ensuring required API firebaseextensions.googleapis.com is enabled... 
[debug] [2025-07-15T04:25:47.157Z] Checked if tokens are valid: true, expires at: 1752555914582
[debug] [2025-07-15T04:25:47.157Z] Checked if tokens are valid: true, expires at: 1752555914582
[debug] [2025-07-15T04:25:47.157Z] >>> [apiv2][query] GET https://serviceusage.googleapis.com/v1/projects/getconnects-dashboard/services/firebaseextensions.googleapis.com [none]
[debug] [2025-07-15T04:25:47.157Z] >>> [apiv2][(partial)header] GET https://serviceusage.googleapis.com/v1/projects/getconnects-dashboard/services/firebaseextensions.googleapis.com x-goog-quota-user=projects/getconnects-dashboard
[debug] [2025-07-15T04:25:49.191Z] <<< [apiv2][status] GET https://serviceusage.googleapis.com/v1/projects/getconnects-dashboard/services/firebaseextensions.googleapis.com 200
[debug] [2025-07-15T04:25:49.191Z] <<< [apiv2][body] GET https://serviceusage.googleapis.com/v1/projects/getconnects-dashboard/services/firebaseextensions.googleapis.com [omitted]
[warn] ⚠  extensions: missing required API firebaseextensions.googleapis.com. Enabling now... 
[debug] [2025-07-15T04:25:49.191Z] Checked if tokens are valid: true, expires at: 1752555914582
[debug] [2025-07-15T04:25:49.192Z] Checked if tokens are valid: true, expires at: 1752555914582
[debug] [2025-07-15T04:25:49.192Z] >>> [apiv2][query] POST https://serviceusage.googleapis.com/v1/projects/getconnects-dashboard/services/firebaseextensions.googleapis.com:enable [none]
[debug] [2025-07-15T04:25:49.192Z] >>> [apiv2][(partial)header] POST https://serviceusage.googleapis.com/v1/projects/getconnects-dashboard/services/firebaseextensions.googleapis.com:enable x-goog-quota-user=projects/getconnects-dashboard
[debug] [2025-07-15T04:25:50.933Z] <<< [apiv2][status] POST https://serviceusage.googleapis.com/v1/projects/getconnects-dashboard/services/firebaseextensions.googleapis.com:enable 200
[debug] [2025-07-15T04:25:50.933Z] <<< [apiv2][body] POST https://serviceusage.googleapis.com/v1/projects/getconnects-dashboard/services/firebaseextensions.googleapis.com:enable [omitted]
[debug] [2025-07-15T04:26:00.950Z] > command requires scopes: ["email","openid","https://www.googleapis.com/auth/cloudplatformprojects.readonly","https://www.googleapis.com/auth/firebase","https://www.googleapis.com/auth/cloud-platform"]
[debug] [2025-07-15T04:26:00.951Z] > authorizing via signed-in user (mehran@getconnects.com.au)
[debug] [2025-07-15T04:26:00.951Z] [iam] checking project getconnects-dashboard for permissions ["firebase.projects.get","firebaseextensions.instances.list"]
[debug] [2025-07-15T04:26:00.951Z] Checked if tokens are valid: true, expires at: 1752555914582
[debug] [2025-07-15T04:26:00.952Z] Checked if tokens are valid: true, expires at: 1752555914582
[debug] [2025-07-15T04:26:00.952Z] >>> [apiv2][query] POST https://cloudresourcemanager.googleapis.com/v1/projects/getconnects-dashboard:testIamPermissions [none]
[debug] [2025-07-15T04:26:00.952Z] >>> [apiv2][(partial)header] POST https://cloudresourcemanager.googleapis.com/v1/projects/getconnects-dashboard:testIamPermissions x-goog-quota-user=projects/getconnects-dashboard
[debug] [2025-07-15T04:26:00.952Z] >>> [apiv2][body] POST https://cloudresourcemanager.googleapis.com/v1/projects/getconnects-dashboard:testIamPermissions {"permissions":["firebase.projects.get","firebaseextensions.instances.list"]}
[debug] [2025-07-15T04:26:02.619Z] <<< [apiv2][status] POST https://cloudresourcemanager.googleapis.com/v1/projects/getconnects-dashboard:testIamPermissions 200
[debug] [2025-07-15T04:26:02.619Z] <<< [apiv2][body] POST https://cloudresourcemanager.googleapis.com/v1/projects/getconnects-dashboard:testIamPermissions {"permissions":["firebase.projects.get","firebaseextensions.instances.list"]}
[debug] [2025-07-15T04:26:02.620Z] Checked if tokens are valid: true, expires at: 1752555914582
[debug] [2025-07-15T04:26:02.620Z] Checked if tokens are valid: true, expires at: 1752555914582
[debug] [2025-07-15T04:26:02.621Z] >>> [apiv2][query] GET https://firebaseextensions.googleapis.com/v1beta/projects/getconnects-dashboard/instances pageSize=100&pageToken=
[debug] [2025-07-15T04:26:05.549Z] <<< [apiv2][status] GET https://firebaseextensions.googleapis.com/v1beta/projects/getconnects-dashboard/instances 200
[debug] [2025-07-15T04:26:05.549Z] <<< [apiv2][body] GET https://firebaseextensions.googleapis.com/v1beta/projects/getconnects-dashboard/instances {}
[info] i  functions: preparing functions directory for uploading... 
[info] i  functions: packaged /Users/muhammadqadeer/Getconnects app/master-dashboard-app/functions (69.7 KB) for uploading 
[debug] [2025-07-15T04:26:05.604Z] Checked if tokens are valid: true, expires at: 1752555914582
[debug] [2025-07-15T04:26:05.604Z] Checked if tokens are valid: true, expires at: 1752555914582
[debug] [2025-07-15T04:26:05.604Z] >>> [apiv2][query] GET https://cloudfunctions.googleapis.com/v1/projects/getconnects-dashboard/locations/-/functions [none]
[debug] [2025-07-15T04:26:07.025Z] <<< [apiv2][status] GET https://cloudfunctions.googleapis.com/v1/projects/getconnects-dashboard/locations/-/functions 200
[debug] [2025-07-15T04:26:07.025Z] <<< [apiv2][body] GET https://cloudfunctions.googleapis.com/v1/projects/getconnects-dashboard/locations/-/functions {}
[debug] [2025-07-15T04:26:07.026Z] Checked if tokens are valid: true, expires at: 1752555914582
[debug] [2025-07-15T04:26:07.026Z] Checked if tokens are valid: true, expires at: 1752555914582
[debug] [2025-07-15T04:26:07.026Z] >>> [apiv2][query] GET https://cloudfunctions.googleapis.com/v2/projects/getconnects-dashboard/locations/-/functions filter=environment%3D%22GEN_2%22
[debug] [2025-07-15T04:26:08.844Z] <<< [apiv2][status] GET https://cloudfunctions.googleapis.com/v2/projects/getconnects-dashboard/locations/-/functions 200
[debug] [2025-07-15T04:26:08.845Z] <<< [apiv2][body] GET https://cloudfunctions.googleapis.com/v2/projects/getconnects-dashboard/locations/-/functions {}
[info] i  functions: ensuring required API run.googleapis.com is enabled... 
[debug] [2025-07-15T04:26:08.847Z] Checked if tokens are valid: true, expires at: 1752555914582
[debug] [2025-07-15T04:26:08.847Z] Checked if tokens are valid: true, expires at: 1752555914582
[info] i  functions: ensuring required API eventarc.googleapis.com is enabled... 
[debug] [2025-07-15T04:26:08.847Z] Checked if tokens are valid: true, expires at: 1752555914582
[debug] [2025-07-15T04:26:08.847Z] Checked if tokens are valid: true, expires at: 1752555914582
[info] i  functions: ensuring required API pubsub.googleapis.com is enabled... 
[debug] [2025-07-15T04:26:08.848Z] Checked if tokens are valid: true, expires at: 1752555914582
[debug] [2025-07-15T04:26:08.848Z] Checked if tokens are valid: true, expires at: 1752555914582
[info] i  functions: ensuring required API storage.googleapis.com is enabled... 
[debug] [2025-07-15T04:26:08.848Z] Checked if tokens are valid: true, expires at: 1752555914582
[debug] [2025-07-15T04:26:08.848Z] Checked if tokens are valid: true, expires at: 1752555914582
[debug] [2025-07-15T04:26:08.848Z] >>> [apiv2][query] GET https://serviceusage.googleapis.com/v1/projects/418337344954/services/run.googleapis.com [none]
[debug] [2025-07-15T04:26:08.848Z] >>> [apiv2][(partial)header] GET https://serviceusage.googleapis.com/v1/projects/418337344954/services/run.googleapis.com x-goog-quota-user=projects/418337344954
[debug] [2025-07-15T04:26:08.850Z] >>> [apiv2][query] GET https://serviceusage.googleapis.com/v1/projects/418337344954/services/eventarc.googleapis.com [none]
[debug] [2025-07-15T04:26:08.850Z] >>> [apiv2][(partial)header] GET https://serviceusage.googleapis.com/v1/projects/418337344954/services/eventarc.googleapis.com x-goog-quota-user=projects/418337344954
[debug] [2025-07-15T04:26:08.851Z] >>> [apiv2][query] GET https://serviceusage.googleapis.com/v1/projects/418337344954/services/pubsub.googleapis.com [none]
[debug] [2025-07-15T04:26:08.851Z] >>> [apiv2][(partial)header] GET https://serviceusage.googleapis.com/v1/projects/418337344954/services/pubsub.googleapis.com x-goog-quota-user=projects/418337344954
[debug] [2025-07-15T04:26:08.852Z] >>> [apiv2][query] GET https://serviceusage.googleapis.com/v1/projects/418337344954/services/storage.googleapis.com [none]
[debug] [2025-07-15T04:26:08.852Z] >>> [apiv2][(partial)header] GET https://serviceusage.googleapis.com/v1/projects/418337344954/services/storage.googleapis.com x-goog-quota-user=projects/418337344954
[debug] [2025-07-15T04:26:10.013Z] <<< [apiv2][status] GET https://serviceusage.googleapis.com/v1/projects/418337344954/services/run.googleapis.com 200
[debug] [2025-07-15T04:26:10.014Z] <<< [apiv2][body] GET https://serviceusage.googleapis.com/v1/projects/418337344954/services/run.googleapis.com [omitted]
[warn] ⚠  functions: missing required API run.googleapis.com. Enabling now... 
[debug] [2025-07-15T04:26:10.014Z] Checked if tokens are valid: true, expires at: 1752555914582
[debug] [2025-07-15T04:26:10.014Z] Checked if tokens are valid: true, expires at: 1752555914582
[debug] [2025-07-15T04:26:10.014Z] >>> [apiv2][query] POST https://serviceusage.googleapis.com/v1/projects/418337344954/services/run.googleapis.com:enable [none]
[debug] [2025-07-15T04:26:10.014Z] >>> [apiv2][(partial)header] POST https://serviceusage.googleapis.com/v1/projects/418337344954/services/run.googleapis.com:enable x-goog-quota-user=projects/418337344954
[debug] [2025-07-15T04:26:10.727Z] <<< [apiv2][status] GET https://serviceusage.googleapis.com/v1/projects/418337344954/services/eventarc.googleapis.com 200
[debug] [2025-07-15T04:26:10.727Z] <<< [apiv2][body] GET https://serviceusage.googleapis.com/v1/projects/418337344954/services/eventarc.googleapis.com [omitted]
[warn] ⚠  functions: missing required API eventarc.googleapis.com. Enabling now... 
[debug] [2025-07-15T04:26:10.727Z] Checked if tokens are valid: true, expires at: 1752555914582
[debug] [2025-07-15T04:26:10.728Z] Checked if tokens are valid: true, expires at: 1752555914582
[debug] [2025-07-15T04:26:10.728Z] >>> [apiv2][query] POST https://serviceusage.googleapis.com/v1/projects/418337344954/services/eventarc.googleapis.com:enable [none]
[debug] [2025-07-15T04:26:10.728Z] >>> [apiv2][(partial)header] POST https://serviceusage.googleapis.com/v1/projects/418337344954/services/eventarc.googleapis.com:enable x-goog-quota-user=projects/418337344954
[debug] [2025-07-15T04:26:10.782Z] <<< [apiv2][status] GET https://serviceusage.googleapis.com/v1/projects/418337344954/services/pubsub.googleapis.com 200
[debug] [2025-07-15T04:26:10.782Z] <<< [apiv2][body] GET https://serviceusage.googleapis.com/v1/projects/418337344954/services/pubsub.googleapis.com [omitted]
[info] ✔  functions: required API pubsub.googleapis.com is enabled 
[debug] [2025-07-15T04:26:10.837Z] <<< [apiv2][status] GET https://serviceusage.googleapis.com/v1/projects/418337344954/services/storage.googleapis.com 200
[debug] [2025-07-15T04:26:10.837Z] <<< [apiv2][body] GET https://serviceusage.googleapis.com/v1/projects/418337344954/services/storage.googleapis.com [omitted]
[info] ✔  functions: required API storage.googleapis.com is enabled 
[debug] [2025-07-15T04:26:10.883Z] <<< [apiv2][status] POST https://serviceusage.googleapis.com/v1/projects/418337344954/services/run.googleapis.com:enable 200
[debug] [2025-07-15T04:26:10.883Z] <<< [apiv2][body] POST https://serviceusage.googleapis.com/v1/projects/418337344954/services/run.googleapis.com:enable [omitted]
[debug] [2025-07-15T04:26:11.362Z] <<< [apiv2][status] POST https://serviceusage.googleapis.com/v1/projects/418337344954/services/eventarc.googleapis.com:enable 200
[debug] [2025-07-15T04:26:11.362Z] <<< [apiv2][body] POST https://serviceusage.googleapis.com/v1/projects/418337344954/services/eventarc.googleapis.com:enable [omitted]
[info] i  functions: generating the service identity for pubsub.googleapis.com... 
[debug] [2025-07-15T04:26:21.376Z] Checked if tokens are valid: true, expires at: 1752555914582
[debug] [2025-07-15T04:26:21.376Z] Checked if tokens are valid: true, expires at: 1752555914582
[info] i  functions: generating the service identity for eventarc.googleapis.com... 
[debug] [2025-07-15T04:26:21.376Z] Checked if tokens are valid: true, expires at: 1752555914582
[debug] [2025-07-15T04:26:21.376Z] Checked if tokens are valid: true, expires at: 1752555914582
[debug] [2025-07-15T04:26:21.376Z] >>> [apiv2][query] POST https://serviceusage.googleapis.com/v1beta1/projects/418337344954/services/pubsub.googleapis.com:generateServiceIdentity [none]
[debug] [2025-07-15T04:26:21.376Z] >>> [apiv2][(partial)header] POST https://serviceusage.googleapis.com/v1beta1/projects/418337344954/services/pubsub.googleapis.com:generateServiceIdentity x-goog-quota-user=projects/418337344954
[debug] [2025-07-15T04:26:21.376Z] >>> [apiv2][body] POST https://serviceusage.googleapis.com/v1beta1/projects/418337344954/services/pubsub.googleapis.com:generateServiceIdentity {}
[debug] [2025-07-15T04:26:21.378Z] >>> [apiv2][query] POST https://serviceusage.googleapis.com/v1beta1/projects/418337344954/services/eventarc.googleapis.com:generateServiceIdentity [none]
[debug] [2025-07-15T04:26:21.378Z] >>> [apiv2][(partial)header] POST https://serviceusage.googleapis.com/v1beta1/projects/418337344954/services/eventarc.googleapis.com:generateServiceIdentity x-goog-quota-user=projects/418337344954
[debug] [2025-07-15T04:26:21.378Z] >>> [apiv2][body] POST https://serviceusage.googleapis.com/v1beta1/projects/418337344954/services/eventarc.googleapis.com:generateServiceIdentity {}
[debug] [2025-07-15T04:26:23.632Z] <<< [apiv2][status] POST https://serviceusage.googleapis.com/v1beta1/projects/418337344954/services/pubsub.googleapis.com:generateServiceIdentity 200
[debug] [2025-07-15T04:26:23.632Z] <<< [apiv2][body] POST https://serviceusage.googleapis.com/v1beta1/projects/418337344954/services/pubsub.googleapis.com:generateServiceIdentity {"name":"operations/finished.DONE_OPERATION","done":true,"response":{"@type":"type.googleapis.com/google.api.serviceusage.v1beta1.ServiceIdentity","email":"service-418337344954@gcp-sa-pubsub.iam.gserviceaccount.com","uniqueId":"101617782911647587543"}}
[debug] [2025-07-15T04:26:23.728Z] <<< [apiv2][status] POST https://serviceusage.googleapis.com/v1beta1/projects/418337344954/services/eventarc.googleapis.com:generateServiceIdentity 200
[debug] [2025-07-15T04:26:23.728Z] <<< [apiv2][body] POST https://serviceusage.googleapis.com/v1beta1/projects/418337344954/services/eventarc.googleapis.com:generateServiceIdentity {"name":"operations/finished.DONE_OPERATION","done":true,"response":{"@type":"type.googleapis.com/google.api.serviceusage.v1beta1.ServiceIdentity","email":"service-418337344954@gcp-sa-eventarc.iam.gserviceaccount.com","uniqueId":"101043560267441228595"}}
[debug] [2025-07-15T04:26:23.730Z] Checked if tokens are valid: true, expires at: 1752555914582
[debug] [2025-07-15T04:26:23.731Z] Checked if tokens are valid: true, expires at: 1752555914582
[debug] [2025-07-15T04:26:23.731Z] >>> [apiv2][query] GET https://cloudresourcemanager.googleapis.com/v1/projects/getconnects-dashboard [none]
[debug] [2025-07-15T04:26:25.312Z] <<< [apiv2][status] GET https://cloudresourcemanager.googleapis.com/v1/projects/getconnects-dashboard 200
[debug] [2025-07-15T04:26:25.312Z] <<< [apiv2][body] GET https://cloudresourcemanager.googleapis.com/v1/projects/getconnects-dashboard {"projectNumber":"418337344954","projectId":"getconnects-dashboard","lifecycleState":"ACTIVE","name":"getconnects-dashboard","labels":{"firebase":"enabled","firebase-core":"disabled"},"createTime":"2025-07-15T03:13:40.496002Z","parent":{"type":"organization","id":"1029238353771"}}
[debug] [2025-07-15T04:26:25.312Z] Checked if tokens are valid: true, expires at: 1752555914582
[debug] [2025-07-15T04:26:25.312Z] Checked if tokens are valid: true, expires at: 1752555914582
[debug] [2025-07-15T04:26:25.312Z] >>> [apiv2][query] GET https://compute.googleapis.com/compute/v1/projects/418337344954 [none]
[debug] [2025-07-15T04:26:26.280Z] <<< [apiv2][status] GET https://compute.googleapis.com/compute/v1/projects/418337344954 403
[debug] [2025-07-15T04:26:26.280Z] <<< [apiv2][body] GET https://compute.googleapis.com/compute/v1/projects/418337344954 {"error":{"code":403,"message":"Compute Engine API has not been used in project 418337344954 before or it is disabled. Enable it by visiting https://console.developers.google.com/apis/api/compute.googleapis.com/overview?project=418337344954 then retry. If you enabled this API recently, wait a few minutes for the action to propagate to our systems and retry.","errors":[{"message":"Compute Engine API has not been used in project 418337344954 before or it is disabled. Enable it by visiting https://console.developers.google.com/apis/api/compute.googleapis.com/overview?project=418337344954 then retry. If you enabled this API recently, wait a few minutes for the action to propagate to our systems and retry.","domain":"usageLimits","reason":"accessNotConfigured","extendedHelp":"https://console.developers.google.com"}],"status":"PERMISSION_DENIED","details":[{"@type":"type.googleapis.com/google.rpc.ErrorInfo","reason":"SERVICE_DISABLED","domain":"googleapis.com","metadata":{"activationUrl":"https://console.developers.google.com/apis/api/compute.googleapis.com/overview?project=418337344954","serviceTitle":"Compute Engine API","containerInfo":"418337344954","consumer":"projects/418337344954","service":"compute.googleapis.com"}},{"@type":"type.googleapis.com/google.rpc.LocalizedMessage","locale":"en-US","message":"Compute Engine API has not been used in project 418337344954 before or it is disabled. Enable it by visiting https://console.developers.google.com/apis/api/compute.googleapis.com/overview?project=418337344954 then retry. If you enabled this API recently, wait a few minutes for the action to propagate to our systems and retry."},{"@type":"type.googleapis.com/google.rpc.Help","links":[{"description":"Google developers console API activation","url":"https://console.developers.google.com/apis/api/compute.googleapis.com/overview?project=418337344954"}]}]}}
[debug] [2025-07-15T04:26:26.281Z] unable to look up default compute service account. Falling back to 418337344954-compute@developer.gserviceaccount.com. Error: {"name":"FirebaseError","children":[],"context":{"body":{"error":{"code":403,"message":"Compute Engine API has not been used in project 418337344954 before or it is disabled. Enable it by visiting https://console.developers.google.com/apis/api/compute.googleapis.com/overview?project=418337344954 then retry. If you enabled this API recently, wait a few minutes for the action to propagate to our systems and retry.","errors":[{"message":"Compute Engine API has not been used in project 418337344954 before or it is disabled. Enable it by visiting https://console.developers.google.com/apis/api/compute.googleapis.com/overview?project=418337344954 then retry. If you enabled this API recently, wait a few minutes for the action to propagate to our systems and retry.","domain":"usageLimits","reason":"accessNotConfigured","extendedHelp":"https://console.developers.google.com"}],"status":"PERMISSION_DENIED","details":[{"@type":"type.googleapis.com/google.rpc.ErrorInfo","reason":"SERVICE_DISABLED","domain":"googleapis.com","metadata":{"activationUrl":"https://console.developers.google.com/apis/api/compute.googleapis.com/overview?project=418337344954","serviceTitle":"Compute Engine API","containerInfo":"418337344954","consumer":"projects/418337344954","service":"compute.googleapis.com"}},{"@type":"type.googleapis.com/google.rpc.LocalizedMessage","locale":"en-US","message":"Compute Engine API has not been used in project 418337344954 before or it is disabled. Enable it by visiting https://console.developers.google.com/apis/api/compute.googleapis.com/overview?project=418337344954 then retry. If you enabled this API recently, wait a few minutes for the action to propagate to our systems and retry."},{"@type":"type.googleapis.com/google.rpc.Help","links":[{"description":"Google developers console API activation","url":"https://console.developers.google.com/apis/api/compute.googleapis.com/overview?project=418337344954"}]}]}},"response":{"statusCode":403}},"exit":1,"message":"Request to https://compute.googleapis.com/compute/v1/projects/418337344954 had HTTP Error: 403, Compute Engine API has not been used in project 418337344954 before or it is disabled. Enable it by visiting https://console.developers.google.com/apis/api/compute.googleapis.com/overview?project=418337344954 then retry. If you enabled this API recently, wait a few minutes for the action to propagate to our systems and retry.","status":403}
[debug] [2025-07-15T04:26:26.282Z] Checked if tokens are valid: true, expires at: 1752555914582
[debug] [2025-07-15T04:26:26.282Z] Checked if tokens are valid: true, expires at: 1752555914582
[debug] [2025-07-15T04:26:26.282Z] >>> [apiv2][query] GET https://cloudbilling.googleapis.com/v1/projects/getconnects-dashboard/billingInfo [none]
[debug] [2025-07-15T04:26:27.344Z] <<< [apiv2][status] GET https://cloudbilling.googleapis.com/v1/projects/getconnects-dashboard/billingInfo 200
[debug] [2025-07-15T04:26:27.345Z] <<< [apiv2][body] GET https://cloudbilling.googleapis.com/v1/projects/getconnects-dashboard/billingInfo {"name":"projects/getconnects-dashboard/billingInfo","projectId":"getconnects-dashboard","billingAccountName":"billingAccounts/0153F9-B79E7D-50F045","billingEnabled":true}
[debug] [2025-07-15T04:26:27.346Z] Checked if tokens are valid: true, expires at: 1752555914582
[debug] [2025-07-15T04:26:27.346Z] Checked if tokens are valid: true, expires at: 1752555914582
[debug] [2025-07-15T04:26:27.346Z] >>> [apiv2][query] POST https://cloudfunctions.googleapis.com/v2/projects/getconnects-dashboard/locations/us-central1/functions:generateUploadUrl [none]
[debug] [2025-07-15T04:26:30.441Z] <<< [apiv2][status] POST https://cloudfunctions.googleapis.com/v2/projects/getconnects-dashboard/locations/us-central1/functions:generateUploadUrl 200
[debug] [2025-07-15T04:26:30.441Z] <<< [apiv2][body] POST https://cloudfunctions.googleapis.com/v2/projects/getconnects-dashboard/locations/us-central1/functions:generateUploadUrl {"uploadUrl":"https://storage.googleapis.com/gcf-v2-uploads-418337344954.us-central1.cloudfunctions.appspot.com/aa955652-f185-4921-83ab-58367276018f.zip?GoogleAccessId=service-418337344954@gcf-admin-robot.iam.gserviceaccount.com&Expires=1752555390&Signature=f5%2Fea%2FSHsB3mVZuEHYULx2Ncsz1IZX5DtZQG5bUDKl7YnEm6nzPSNfAmKXQsyclyZr7hKM48qrlxHyaAKqJZPb9HdHhfWwuAgzb12LbTwlPzyeBBOekysAX60eNiQs69hfdvAw0bowuV7EsH%2F%2B8Bv7ODSVx2ezCwibFxAVQTH%2B%2BxXFdPWWQiedJfx%2FOtO24n13uCQIxducS1Ngpx18vlLFQ9WestYSYkjxGen4RbiRhxAoTdGxh3Tzpjh5GBqODDizVfSwG%2FygQnDE5nR8GX8c7xEp3iwN%2Bp83SJU0EWVNBb7CrEVdMmX200vFZlupalFT426AD%2BD1KyaI25Rpmo3w%3D%3D","storageSource":{"bucket":"gcf-v2-uploads-418337344954.us-central1.cloudfunctions.appspot.com","object":"aa955652-f185-4921-83ab-58367276018f.zip"}}
[debug] [2025-07-15T04:26:30.442Z] >>> [apiv2][query] PUT https://storage.googleapis.com/gcf-v2-uploads-418337344954.us-central1.cloudfunctions.appspot.com/aa955652-f185-4921-83ab-58367276018f.zip GoogleAccessId=service-418337344954%40gcf-admin-robot.iam.gserviceaccount.com&Expires=1752555390&Signature=f5%2Fea%2FSHsB3mVZuEHYULx2Ncsz1IZX5DtZQG5bUDKl7YnEm6nzPSNfAmKXQsyclyZr7hKM48qrlxHyaAKqJZPb9HdHhfWwuAgzb12LbTwlPzyeBBOekysAX60eNiQs69hfdvAw0bowuV7EsH%2F%2B8Bv7ODSVx2ezCwibFxAVQTH%2B%2BxXFdPWWQiedJfx%2FOtO24n13uCQIxducS1Ngpx18vlLFQ9WestYSYkjxGen4RbiRhxAoTdGxh3Tzpjh5GBqODDizVfSwG%2FygQnDE5nR8GX8c7xEp3iwN%2Bp83SJU0EWVNBb7CrEVdMmX200vFZlupalFT426AD%2BD1KyaI25Rpmo3w%3D%3D
[debug] [2025-07-15T04:26:30.442Z] >>> [apiv2][body] PUT https://storage.googleapis.com/gcf-v2-uploads-418337344954.us-central1.cloudfunctions.appspot.com/aa955652-f185-4921-83ab-58367276018f.zip [stream]
[debug] [2025-07-15T04:26:31.750Z] <<< [apiv2][status] PUT https://storage.googleapis.com/gcf-v2-uploads-418337344954.us-central1.cloudfunctions.appspot.com/aa955652-f185-4921-83ab-58367276018f.zip 200
[debug] [2025-07-15T04:26:31.750Z] <<< [apiv2][body] PUT https://storage.googleapis.com/gcf-v2-uploads-418337344954.us-central1.cloudfunctions.appspot.com/aa955652-f185-4921-83ab-58367276018f.zip [omitted]
[info] ✔  functions: functions folder uploaded successfully 
[info] i  functions: creating Node.js 22 (2nd Gen) function createClient(us-central1)... 
[debug] [2025-07-15T04:26:31.754Z] Checked if tokens are valid: true, expires at: 1752555914582
[debug] [2025-07-15T04:26:31.754Z] Checked if tokens are valid: true, expires at: 1752555914582
[debug] [2025-07-15T04:26:31.754Z] >>> [apiv2][query] POST https://cloudfunctions.googleapis.com/v2/projects/getconnects-dashboard/locations/us-central1/functions functionId=createClient
[debug] [2025-07-15T04:26:31.754Z] >>> [apiv2][body] POST https://cloudfunctions.googleapis.com/v2/projects/getconnects-dashboard/locations/us-central1/functions {"name":"projects/getconnects-dashboard/locations/us-central1/functions/createClient","buildConfig":{"runtime":"nodejs22","entryPoint":"createClient","source":{"storageSource":{"bucket":"gcf-v2-uploads-418337344954.us-central1.cloudfunctions.appspot.com","object":"aa955652-f185-4921-83ab-58367276018f.zip"}},"environmentVariables":{"GOOGLE_NODE_RUN_SCRIPTS":""}},"serviceConfig":{"environmentVariables":{"FIREBASE_CONFIG":"{\"projectId\":\"getconnects-dashboard\",\"storageBucket\":\"getconnects-dashboard.firebasestorage.app\"}","GCLOUD_PROJECT":"getconnects-dashboard","EVENTARC_CLOUD_EVENT_SOURCE":"projects/getconnects-dashboard/locations/us-central1/services/createClient","FUNCTION_TARGET":"createClient","LOG_EXECUTION_ID":"true"},"ingressSettings":null,"timeoutSeconds":null,"serviceAccountEmail":null,"availableMemory":"256Mi","minInstanceCount":null,"maxInstanceCount":null,"maxInstanceRequestConcurrency":80,"availableCpu":"1","vpcConnector":null,"vpcConnectorEgressSettings":null},"labels":{"deployment-tool":"cli-firebase","deployment-callable":"true","firebase-functions-hash":"c13846358409f0e3cbe34d769643b621a70d0ddc"}}
[debug] [2025-07-15T04:26:34.356Z] <<< [apiv2][status] POST https://cloudfunctions.googleapis.com/v2/projects/getconnects-dashboard/locations/us-central1/functions 200
[debug] [2025-07-15T04:26:34.356Z] <<< [apiv2][body] POST https://cloudfunctions.googleapis.com/v2/projects/getconnects-dashboard/locations/us-central1/functions {"name":"projects/getconnects-dashboard/locations/us-central1/operations/operation-1752553593211-639f02e5f8ae4-088f9fcf-4d19e0e3","metadata":{"@type":"type.googleapis.com/google.cloud.functions.v2.OperationMetadata","createTime":"2025-07-15T04:26:34.315853318Z","target":"projects/getconnects-dashboard/locations/us-central1/functions/createClient","verb":"create","cancelRequested":false,"apiVersion":"v2"},"done":false}
[debug] [2025-07-15T04:26:34.356Z] Checked if tokens are valid: true, expires at: 1752555914582
[debug] [2025-07-15T04:26:34.357Z] Checked if tokens are valid: true, expires at: 1752555914582
[debug] [2025-07-15T04:26:34.357Z] >>> [apiv2][query] GET https://cloudfunctions.googleapis.com/v2/projects/getconnects-dashboard/locations/us-central1/operations/operation-1752553593211-639f02e5f8ae4-088f9fcf-4d19e0e3 [none]
[debug] [2025-07-15T04:26:35.809Z] <<< [apiv2][status] GET https://cloudfunctions.googleapis.com/v2/projects/getconnects-dashboard/locations/us-central1/operations/operation-1752553593211-639f02e5f8ae4-088f9fcf-4d19e0e3 200
[debug] [2025-07-15T04:26:35.810Z] <<< [apiv2][body] GET https://cloudfunctions.googleapis.com/v2/projects/getconnects-dashboard/locations/us-central1/operations/operation-1752553593211-639f02e5f8ae4-088f9fcf-4d19e0e3 {"name":"projects/getconnects-dashboard/locations/us-central1/operations/operation-1752553593211-639f02e5f8ae4-088f9fcf-4d19e0e3","metadata":{"@type":"type.googleapis.com/google.cloud.functions.v2.OperationMetadata","createTime":"2025-07-15T04:26:34.315853318Z","target":"projects/getconnects-dashboard/locations/us-central1/functions/createClient","verb":"create","cancelRequested":false,"apiVersion":"v2","requestResource":{"@type":"type.googleapis.com/google.cloud.functions.v2.Function","name":"projects/getconnects-dashboard/locations/us-central1/functions/createClient","buildConfig":{"runtime":"nodejs22","entryPoint":"createClient","source":{"storageSource":{"bucket":"gcf-v2-sources-418337344954-us-central1","object":"createClient/function-source.zip","generation":"1752553593951770"}},"environmentVariables":{"GOOGLE_NODE_RUN_SCRIPTS":""},"serviceAccount":"projects/getconnects-dashboard/serviceAccounts/418337344954-compute@developer.gserviceaccount.com","automaticUpdatePolicy":{}},"serviceConfig":{"service":"projects/getconnects-dashboard/locations/us-central1/services/createclient","timeoutSeconds":60,"environmentVariables":{"FIREBASE_CONFIG":"{\"projectId\":\"getconnects-dashboard\",\"storageBucket\":\"getconnects-dashboard.firebasestorage.app\"}","GCLOUD_PROJECT":"getconnects-dashboard","EVENTARC_CLOUD_EVENT_SOURCE":"projects/getconnects-dashboard/locations/us-central1/services/createClient","FUNCTION_TARGET":"createClient","LOG_EXECUTION_ID":"true"},"ingressSettings":"ALLOW_ALL","serviceAccountEmail":"418337344954-compute@developer.gserviceaccount.com","availableMemory":"256Mi","maxInstanceRequestConcurrency":80,"availableCpu":"1"},"labels":{"deployment-tool":"cli-firebase","deployment-callable":"true","firebase-functions-hash":"c13846358409f0e3cbe34d769643b621a70d0ddc"},"environment":"GEN_2"},"stages":[{"name":"BUILD","state":"NOT_STARTED"},{"name":"SERVICE","state":"NOT_STARTED"}],"operationType":"CREATE_FUNCTION"},"done":false}
[debug] [2025-07-15T04:26:36.311Z] [create-default-us-central1-createClient] Retrying task index 0
[debug] [2025-07-15T04:26:36.311Z] Checked if tokens are valid: true, expires at: 1752555914582
[debug] [2025-07-15T04:26:36.311Z] Checked if tokens are valid: true, expires at: 1752555914582
[debug] [2025-07-15T04:26:36.311Z] >>> [apiv2][query] GET https://cloudfunctions.googleapis.com/v2/projects/getconnects-dashboard/locations/us-central1/operations/operation-1752553593211-639f02e5f8ae4-088f9fcf-4d19e0e3 [none]
[debug] [2025-07-15T04:26:37.937Z] <<< [apiv2][status] GET https://cloudfunctions.googleapis.com/v2/projects/getconnects-dashboard/locations/us-central1/operations/operation-1752553593211-639f02e5f8ae4-088f9fcf-4d19e0e3 200
[debug] [2025-07-15T04:26:37.938Z] <<< [apiv2][body] GET https://cloudfunctions.googleapis.com/v2/projects/getconnects-dashboard/locations/us-central1/operations/operation-1752553593211-639f02e5f8ae4-088f9fcf-4d19e0e3 {"name":"projects/getconnects-dashboard/locations/us-central1/operations/operation-1752553593211-639f02e5f8ae4-088f9fcf-4d19e0e3","metadata":{"@type":"type.googleapis.com/google.cloud.functions.v2.OperationMetadata","createTime":"2025-07-15T04:26:34.315853318Z","target":"projects/getconnects-dashboard/locations/us-central1/functions/createClient","verb":"create","cancelRequested":false,"apiVersion":"v2","requestResource":{"@type":"type.googleapis.com/google.cloud.functions.v2.Function","name":"projects/getconnects-dashboard/locations/us-central1/functions/createClient","buildConfig":{"runtime":"nodejs22","entryPoint":"createClient","source":{"storageSource":{"bucket":"gcf-v2-sources-418337344954-us-central1","object":"createClient/function-source.zip","generation":"1752553593951770"}},"environmentVariables":{"GOOGLE_NODE_RUN_SCRIPTS":""},"serviceAccount":"projects/getconnects-dashboard/serviceAccounts/418337344954-compute@developer.gserviceaccount.com","automaticUpdatePolicy":{}},"serviceConfig":{"service":"projects/getconnects-dashboard/locations/us-central1/services/createclient","timeoutSeconds":60,"environmentVariables":{"FIREBASE_CONFIG":"{\"projectId\":\"getconnects-dashboard\",\"storageBucket\":\"getconnects-dashboard.firebasestorage.app\"}","GCLOUD_PROJECT":"getconnects-dashboard","EVENTARC_CLOUD_EVENT_SOURCE":"projects/getconnects-dashboard/locations/us-central1/services/createClient","FUNCTION_TARGET":"createClient","LOG_EXECUTION_ID":"true"},"ingressSettings":"ALLOW_ALL","serviceAccountEmail":"418337344954-compute@developer.gserviceaccount.com","availableMemory":"256Mi","maxInstanceRequestConcurrency":80,"availableCpu":"1"},"labels":{"deployment-tool":"cli-firebase","deployment-callable":"true","firebase-functions-hash":"c13846358409f0e3cbe34d769643b621a70d0ddc"},"environment":"GEN_2"},"stages":[{"name":"BUILD","state":"NOT_STARTED"},{"name":"SERVICE","state":"NOT_STARTED"}],"operationType":"CREATE_FUNCTION"},"done":false}
[debug] [2025-07-15T04:26:38.938Z] [create-default-us-central1-createClient] Retrying task index 0
[debug] [2025-07-15T04:26:38.938Z] Checked if tokens are valid: true, expires at: 1752555914582
[debug] [2025-07-15T04:26:38.938Z] Checked if tokens are valid: true, expires at: 1752555914582
[debug] [2025-07-15T04:26:38.939Z] >>> [apiv2][query] GET https://cloudfunctions.googleapis.com/v2/projects/getconnects-dashboard/locations/us-central1/operations/operation-1752553593211-639f02e5f8ae4-088f9fcf-4d19e0e3 [none]
[debug] [2025-07-15T04:26:40.518Z] <<< [apiv2][status] GET https://cloudfunctions.googleapis.com/v2/projects/getconnects-dashboard/locations/us-central1/operations/operation-1752553593211-639f02e5f8ae4-088f9fcf-4d19e0e3 200
[debug] [2025-07-15T04:26:40.518Z] <<< [apiv2][body] GET https://cloudfunctions.googleapis.com/v2/projects/getconnects-dashboard/locations/us-central1/operations/operation-1752553593211-639f02e5f8ae4-088f9fcf-4d19e0e3 {"name":"projects/getconnects-dashboard/locations/us-central1/operations/operation-1752553593211-639f02e5f8ae4-088f9fcf-4d19e0e3","metadata":{"@type":"type.googleapis.com/google.cloud.functions.v2.OperationMetadata","createTime":"2025-07-15T04:26:34.315853318Z","target":"projects/getconnects-dashboard/locations/us-central1/functions/createClient","verb":"create","cancelRequested":false,"apiVersion":"v2","requestResource":{"@type":"type.googleapis.com/google.cloud.functions.v2.Function","name":"projects/getconnects-dashboard/locations/us-central1/functions/createClient","buildConfig":{"runtime":"nodejs22","entryPoint":"createClient","source":{"storageSource":{"bucket":"gcf-v2-sources-418337344954-us-central1","object":"createClient/function-source.zip","generation":"1752553593951770"}},"environmentVariables":{"GOOGLE_NODE_RUN_SCRIPTS":""},"serviceAccount":"projects/getconnects-dashboard/serviceAccounts/418337344954-compute@developer.gserviceaccount.com","automaticUpdatePolicy":{}},"serviceConfig":{"service":"projects/getconnects-dashboard/locations/us-central1/services/createclient","timeoutSeconds":60,"environmentVariables":{"FIREBASE_CONFIG":"{\"projectId\":\"getconnects-dashboard\",\"storageBucket\":\"getconnects-dashboard.firebasestorage.app\"}","GCLOUD_PROJECT":"getconnects-dashboard","EVENTARC_CLOUD_EVENT_SOURCE":"projects/getconnects-dashboard/locations/us-central1/services/createClient","FUNCTION_TARGET":"createClient","LOG_EXECUTION_ID":"true"},"ingressSettings":"ALLOW_ALL","serviceAccountEmail":"418337344954-compute@developer.gserviceaccount.com","availableMemory":"256Mi","maxInstanceRequestConcurrency":80,"availableCpu":"1"},"labels":{"deployment-tool":"cli-firebase","deployment-callable":"true","firebase-functions-hash":"c13846358409f0e3cbe34d769643b621a70d0ddc"},"environment":"GEN_2"},"stages":[{"name":"BUILD","state":"NOT_STARTED"},{"name":"SERVICE","state":"NOT_STARTED"}],"operationType":"CREATE_FUNCTION"},"done":false}
[debug] [2025-07-15T04:26:42.519Z] [create-default-us-central1-createClient] Retrying task index 0
[debug] [2025-07-15T04:26:42.520Z] Checked if tokens are valid: true, expires at: 1752555914582
[debug] [2025-07-15T04:26:42.520Z] Checked if tokens are valid: true, expires at: 1752555914582
[debug] [2025-07-15T04:26:42.520Z] >>> [apiv2][query] GET https://cloudfunctions.googleapis.com/v2/projects/getconnects-dashboard/locations/us-central1/operations/operation-1752553593211-639f02e5f8ae4-088f9fcf-4d19e0e3 [none]
[debug] [2025-07-15T04:26:44.015Z] <<< [apiv2][status] GET https://cloudfunctions.googleapis.com/v2/projects/getconnects-dashboard/locations/us-central1/operations/operation-1752553593211-639f02e5f8ae4-088f9fcf-4d19e0e3 200
[debug] [2025-07-15T04:26:44.015Z] <<< [apiv2][body] GET https://cloudfunctions.googleapis.com/v2/projects/getconnects-dashboard/locations/us-central1/operations/operation-1752553593211-639f02e5f8ae4-088f9fcf-4d19e0e3 {"name":"projects/getconnects-dashboard/locations/us-central1/operations/operation-1752553593211-639f02e5f8ae4-088f9fcf-4d19e0e3","metadata":{"@type":"type.googleapis.com/google.cloud.functions.v2.OperationMetadata","createTime":"2025-07-15T04:26:34.315853318Z","target":"projects/getconnects-dashboard/locations/us-central1/functions/createClient","verb":"create","cancelRequested":false,"apiVersion":"v2","requestResource":{"@type":"type.googleapis.com/google.cloud.functions.v2.Function","name":"projects/getconnects-dashboard/locations/us-central1/functions/createClient","buildConfig":{"runtime":"nodejs22","entryPoint":"createClient","source":{"storageSource":{"bucket":"gcf-v2-sources-418337344954-us-central1","object":"createClient/function-source.zip","generation":"1752553593951770"}},"environmentVariables":{"GOOGLE_NODE_RUN_SCRIPTS":""},"serviceAccount":"projects/getconnects-dashboard/serviceAccounts/418337344954-compute@developer.gserviceaccount.com","automaticUpdatePolicy":{}},"serviceConfig":{"service":"projects/getconnects-dashboard/locations/us-central1/services/createclient","timeoutSeconds":60,"environmentVariables":{"FIREBASE_CONFIG":"{\"projectId\":\"getconnects-dashboard\",\"storageBucket\":\"getconnects-dashboard.firebasestorage.app\"}","GCLOUD_PROJECT":"getconnects-dashboard","EVENTARC_CLOUD_EVENT_SOURCE":"projects/getconnects-dashboard/locations/us-central1/services/createClient","FUNCTION_TARGET":"createClient","LOG_EXECUTION_ID":"true"},"ingressSettings":"ALLOW_ALL","serviceAccountEmail":"418337344954-compute@developer.gserviceaccount.com","availableMemory":"256Mi","maxInstanceRequestConcurrency":80,"availableCpu":"1"},"labels":{"deployment-tool":"cli-firebase","deployment-callable":"true","firebase-functions-hash":"c13846358409f0e3cbe34d769643b621a70d0ddc"},"environment":"GEN_2"},"stages":[{"name":"BUILD","state":"NOT_STARTED"},{"name":"SERVICE","state":"NOT_STARTED"}],"operationType":"CREATE_FUNCTION"},"done":false}
[debug] [2025-07-15T04:26:48.017Z] [create-default-us-central1-createClient] Retrying task index 0
[debug] [2025-07-15T04:26:48.017Z] Checked if tokens are valid: true, expires at: 1752555914582
[debug] [2025-07-15T04:26:48.018Z] Checked if tokens are valid: true, expires at: 1752555914582
[debug] [2025-07-15T04:26:48.018Z] >>> [apiv2][query] GET https://cloudfunctions.googleapis.com/v2/projects/getconnects-dashboard/locations/us-central1/operations/operation-1752553593211-639f02e5f8ae4-088f9fcf-4d19e0e3 [none]
[debug] [2025-07-15T04:26:49.698Z] <<< [apiv2][status] GET https://cloudfunctions.googleapis.com/v2/projects/getconnects-dashboard/locations/us-central1/operations/operation-1752553593211-639f02e5f8ae4-088f9fcf-4d19e0e3 200
[debug] [2025-07-15T04:26:49.699Z] <<< [apiv2][body] GET https://cloudfunctions.googleapis.com/v2/projects/getconnects-dashboard/locations/us-central1/operations/operation-1752553593211-639f02e5f8ae4-088f9fcf-4d19e0e3 {"name":"projects/getconnects-dashboard/locations/us-central1/operations/operation-1752553593211-639f02e5f8ae4-088f9fcf-4d19e0e3","metadata":{"@type":"type.googleapis.com/google.cloud.functions.v2.OperationMetadata","createTime":"2025-07-15T04:26:34.315853318Z","target":"projects/getconnects-dashboard/locations/us-central1/functions/createClient","verb":"create","cancelRequested":false,"apiVersion":"v2","requestResource":{"@type":"type.googleapis.com/google.cloud.functions.v2.Function","name":"projects/getconnects-dashboard/locations/us-central1/functions/createClient","buildConfig":{"runtime":"nodejs22","entryPoint":"createClient","source":{"storageSource":{"bucket":"gcf-v2-sources-418337344954-us-central1","object":"createClient/function-source.zip","generation":"1752553593951770"}},"environmentVariables":{"GOOGLE_NODE_RUN_SCRIPTS":""},"serviceAccount":"projects/getconnects-dashboard/serviceAccounts/418337344954-compute@developer.gserviceaccount.com","automaticUpdatePolicy":{}},"serviceConfig":{"service":"projects/getconnects-dashboard/locations/us-central1/services/createclient","timeoutSeconds":60,"environmentVariables":{"FIREBASE_CONFIG":"{\"projectId\":\"getconnects-dashboard\",\"storageBucket\":\"getconnects-dashboard.firebasestorage.app\"}","GCLOUD_PROJECT":"getconnects-dashboard","EVENTARC_CLOUD_EVENT_SOURCE":"projects/getconnects-dashboard/locations/us-central1/services/createClient","FUNCTION_TARGET":"createClient","LOG_EXECUTION_ID":"true"},"ingressSettings":"ALLOW_ALL","serviceAccountEmail":"418337344954-compute@developer.gserviceaccount.com","availableMemory":"256Mi","maxInstanceRequestConcurrency":80,"availableCpu":"1"},"labels":{"deployment-tool":"cli-firebase","deployment-callable":"true","firebase-functions-hash":"c13846358409f0e3cbe34d769643b621a70d0ddc"},"environment":"GEN_2"},"stages":[{"name":"BUILD","message":"Build in progress","state":"IN_PROGRESS","resource":"projects/418337344954/locations/us-central1/builds/12484eef-456f-42b8-920e-b5f44ef8599d","resourceUri":"https://console.cloud.google.com/cloud-build/builds;region=us-central1/12484eef-456f-42b8-920e-b5f44ef8599d?project=418337344954"},{"name":"SERVICE","state":"NOT_STARTED"}],"operationType":"CREATE_FUNCTION","buildName":"projects/418337344954/locations/us-central1/builds/12484eef-456f-42b8-920e-b5f44ef8599d"},"done":false}
[debug] [2025-07-15T04:26:57.700Z] [create-default-us-central1-createClient] Retrying task index 0
[debug] [2025-07-15T04:26:57.700Z] Checked if tokens are valid: true, expires at: 1752555914582
[debug] [2025-07-15T04:26:57.700Z] Checked if tokens are valid: true, expires at: 1752555914582
[debug] [2025-07-15T04:26:57.700Z] >>> [apiv2][query] GET https://cloudfunctions.googleapis.com/v2/projects/getconnects-dashboard/locations/us-central1/operations/operation-1752553593211-639f02e5f8ae4-088f9fcf-4d19e0e3 [none]
[debug] [2025-07-15T04:26:59.544Z] <<< [apiv2][status] GET https://cloudfunctions.googleapis.com/v2/projects/getconnects-dashboard/locations/us-central1/operations/operation-1752553593211-639f02e5f8ae4-088f9fcf-4d19e0e3 200
[debug] [2025-07-15T04:26:59.545Z] <<< [apiv2][body] GET https://cloudfunctions.googleapis.com/v2/projects/getconnects-dashboard/locations/us-central1/operations/operation-1752553593211-639f02e5f8ae4-088f9fcf-4d19e0e3 {"name":"projects/getconnects-dashboard/locations/us-central1/operations/operation-1752553593211-639f02e5f8ae4-088f9fcf-4d19e0e3","metadata":{"@type":"type.googleapis.com/google.cloud.functions.v2.OperationMetadata","createTime":"2025-07-15T04:26:34.315853318Z","endTime":"2025-07-15T04:26:58.647515023Z","target":"projects/getconnects-dashboard/locations/us-central1/functions/createClient","verb":"create","cancelRequested":false,"apiVersion":"v2","requestResource":{"@type":"type.googleapis.com/google.cloud.functions.v2.Function","name":"projects/getconnects-dashboard/locations/us-central1/functions/createClient","buildConfig":{"runtime":"nodejs22","entryPoint":"createClient","source":{"storageSource":{"bucket":"gcf-v2-sources-418337344954-us-central1","object":"createClient/function-source.zip","generation":"1752553593951770"}},"environmentVariables":{"GOOGLE_NODE_RUN_SCRIPTS":""},"serviceAccount":"projects/getconnects-dashboard/serviceAccounts/418337344954-compute@developer.gserviceaccount.com","automaticUpdatePolicy":{}},"serviceConfig":{"service":"projects/getconnects-dashboard/locations/us-central1/services/createclient","timeoutSeconds":60,"environmentVariables":{"FIREBASE_CONFIG":"{\"projectId\":\"getconnects-dashboard\",\"storageBucket\":\"getconnects-dashboard.firebasestorage.app\"}","GCLOUD_PROJECT":"getconnects-dashboard","EVENTARC_CLOUD_EVENT_SOURCE":"projects/getconnects-dashboard/locations/us-central1/services/createClient","FUNCTION_TARGET":"createClient","LOG_EXECUTION_ID":"true"},"ingressSettings":"ALLOW_ALL","serviceAccountEmail":"418337344954-compute@developer.gserviceaccount.com","availableMemory":"256Mi","maxInstanceRequestConcurrency":80,"availableCpu":"1"},"labels":{"deployment-tool":"cli-firebase","deployment-callable":"true","firebase-functions-hash":"c13846358409f0e3cbe34d769643b621a70d0ddc"},"environment":"GEN_2"},"stages":[{"name":"ARTIFACT_REGISTRY","message":"Deleting function artifacts in Artifact Registry","state":"COMPLETE"},{"name":"SERVICE","message":"Deleting Cloud Run service","state":"COMPLETE","resource":"projects/getconnects-dashboard/locations/us-central1/services/createclient"}],"operationType":"CREATE_FUNCTION"},"done":true,"error":{"code":3,"message":"Build failed with status: FAILURE. Could not build the function due to a missing permission on the build service account. If you didn't revoke that permission explicitly, this could be caused by a change in the organization policies. Please refer to the following documentation for more details and resolution: https://cloud.google.com/functions/docs/troubleshooting#build-service-account\n You can also view the logs at https://console.cloud.google.com/cloud-build/builds;region=us-central1/12484eef-456f-42b8-920e-b5f44ef8599d?project=418337344954.\n"}}
[debug] [2025-07-15T04:26:59.545Z] Got source token undefined for region us-central1
[error] Build failed with status: FAILURE. Could not build the function due to a missing permission on the build service account. If you didn't revoke that permission explicitly, this could be caused by a change in the organization policies. Please refer to the following documentation for more details and resolution: https://cloud.google.com/functions/docs/troubleshooting#build-service-account
 You can also view the logs at https://console.cloud.google.com/cloud-build/builds;region=us-central1/12484eef-456f-42b8-920e-b5f44ef8599d?project=418337344954.

[debug] [2025-07-15T04:26:59.550Z] Total Function Deployment time: 27793
[debug] [2025-07-15T04:26:59.550Z] 1 Functions Deployed
[debug] [2025-07-15T04:26:59.550Z] 1 Functions Errored
[debug] [2025-07-15T04:26:59.550Z] 0 Function Deployments Aborted
[debug] [2025-07-15T04:26:59.550Z] Average Function Deployment time: 27793
[info] 
[info] Functions deploy had errors with the following functions:
	createClient(us-central1)
[debug] [2025-07-15T04:27:00.131Z] Checked if tokens are valid: true, expires at: 1752555914582
[debug] [2025-07-15T04:27:00.131Z] Checked if tokens are valid: true, expires at: 1752555914582
[debug] [2025-07-15T04:27:00.131Z] >>> [apiv2][query] GET https://artifactregistry.googleapis.com/v1/projects/getconnects-dashboard/locations/us-central1/repositories/gcf-artifacts [none]
[debug] [2025-07-15T04:27:02.067Z] <<< [apiv2][status] GET https://artifactregistry.googleapis.com/v1/projects/getconnects-dashboard/locations/us-central1/repositories/gcf-artifacts 200
[debug] [2025-07-15T04:27:02.067Z] <<< [apiv2][body] GET https://artifactregistry.googleapis.com/v1/projects/getconnects-dashboard/locations/us-central1/repositories/gcf-artifacts {"name":"projects/getconnects-dashboard/locations/us-central1/repositories/gcf-artifacts","format":"DOCKER","description":"This repository is created and used by Cloud Functions for storing function docker images.","labels":{"goog-managed-by":"cloudfunctions"},"createTime":"2025-07-15T04:26:43.438777Z","updateTime":"2025-07-15T04:26:43.438777Z","mode":"STANDARD_REPOSITORY","vulnerabilityScanningConfig":{"lastEnableTime":"2025-07-15T04:26:34.497680025Z","enablementState":"SCANNING_DISABLED","enablementStateReason":"API containerscanning.googleapis.com is not enabled."},"satisfiesPzi":true,"registryUri":"us-central1-docker.pkg.dev/getconnects-dashboard/gcf-artifacts"}
[warn] ⚠  functions: No cleanup policy detected for repositories in us-central1. This may result in a small monthly bill as container images accumulate over time. 
[info] i  functions: Configuring cleanup policy for repository in us-central1. Images older than 1 days will be automatically deleted. 
[debug] [2025-07-15T04:27:51.070Z] Setting up artifact cleanup policy for region us-central1
[debug] [2025-07-15T04:27:51.071Z] Checked if tokens are valid: true, expires at: 1752555914582
[debug] [2025-07-15T04:27:51.071Z] Checked if tokens are valid: true, expires at: 1752555914582
[debug] [2025-07-15T04:27:51.071Z] >>> [apiv2][query] PATCH https://artifactregistry.googleapis.com/v1/projects/getconnects-dashboard/locations/us-central1/repositories/gcf-artifacts updateMask=name%2CcleanupPolicies%2CcleanupPolicyDryRun%2Clabels
[debug] [2025-07-15T04:27:51.072Z] >>> [apiv2][body] PATCH https://artifactregistry.googleapis.com/v1/projects/getconnects-dashboard/locations/us-central1/repositories/gcf-artifacts {"name":"projects/getconnects-dashboard/locations/us-central1/repositories/gcf-artifacts","cleanupPolicies":{"firebase-functions-cleanup":{"id":"firebase-functions-cleanup","condition":{"tagState":"ANY","olderThan":"86400s"},"action":"DELETE"}},"cleanupPolicyDryRun":false,"labels":{"goog-managed-by":"cloudfunctions"}}
[debug] [2025-07-15T04:27:53.045Z] <<< [apiv2][status] PATCH https://artifactregistry.googleapis.com/v1/projects/getconnects-dashboard/locations/us-central1/repositories/gcf-artifacts 200
[debug] [2025-07-15T04:27:53.045Z] <<< [apiv2][body] PATCH https://artifactregistry.googleapis.com/v1/projects/getconnects-dashboard/locations/us-central1/repositories/gcf-artifacts {"name":"projects/getconnects-dashboard/locations/us-central1/repositories/gcf-artifacts","format":"DOCKER","description":"This repository is created and used by Cloud Functions for storing function docker images.","labels":{"goog-managed-by":"cloudfunctions"},"createTime":"2025-07-15T04:26:43.438777Z","updateTime":"2025-07-15T04:27:52.905783Z","mode":"STANDARD_REPOSITORY","cleanupPolicies":{"firebase-functions-cleanup":{"id":"firebase-functions-cleanup","action":"DELETE","condition":{"tagState":"ANY","olderThan":"86400s"}}},"vulnerabilityScanningConfig":{"lastEnableTime":"2025-07-15T04:26:34.497680025Z","enablementState":"SCANNING_DISABLED","enablementStateReason":"API containerscanning.googleapis.com is not enabled."},"satisfiesPzi":true}
[info] i  functions: Configured cleanup policy for repository in us-central1. 
[debug] [2025-07-15T04:27:53.045Z] Functions deploy failed.
[debug] [2025-07-15T04:27:53.045Z] {
  "endpoint": {
    "id": "createClient",
    "project": "getconnects-dashboard",
    "region": "us-central1",
    "entryPoint": "createClient",
    "platform": "gcfv2",
    "runtime": "nodejs22",
    "callableTrigger": {},
    "labels": {
      "deployment-tool": "cli-firebase"
    },
    "serviceAccount": null,
    "ingressSettings": null,
    "availableMemoryMb": null,
    "timeoutSeconds": null,
    "maxInstances": null,
    "minInstances": null,
    "concurrency": 80,
    "vpc": null,
    "environmentVariables": {
      "FIREBASE_CONFIG": "{\"projectId\":\"getconnects-dashboard\",\"storageBucket\":\"getconnects-dashboard.firebasestorage.app\"}",
      "GCLOUD_PROJECT": "getconnects-dashboard",
      "EVENTARC_CLOUD_EVENT_SOURCE": "projects/getconnects-dashboard/locations/us-central1/services/createClient"
    },
    "codebase": "default",
    "cpu": 1,
    "targetedByOnly": false,
    "hash": "c13846358409f0e3cbe34d769643b621a70d0ddc"
  },
  "op": "create",
  "original": {
    "name": "FirebaseError",
    "children": [],
    "exit": 1,
    "message": "Build failed with status: FAILURE. Could not build the function due to a missing permission on the build service account. If you didn't revoke that permission explicitly, this could be caused by a change in the organization policies. Please refer to the following documentation for more details and resolution: https://cloud.google.com/functions/docs/troubleshooting#build-service-account\n You can also view the logs at https://console.cloud.google.com/cloud-build/builds;region=us-central1/12484eef-456f-42b8-920e-b5f44ef8599d?project=418337344954.\n",
    "original": {
      "code": 3,
      "message": "Build failed with status: FAILURE. Could not build the function due to a missing permission on the build service account. If you didn't revoke that permission explicitly, this could be caused by a change in the organization policies. Please refer to the following documentation for more details and resolution: https://cloud.google.com/functions/docs/troubleshooting#build-service-account\n You can also view the logs at https://console.cloud.google.com/cloud-build/builds;region=us-central1/12484eef-456f-42b8-920e-b5f44ef8599d?project=418337344954.\n"
    },
    "status": 3,
    "code": 3
  }
}
[debug] [2025-07-15T04:27:53.631Z] Error: Failed to create function createClient in region us-central1
    at /usr/local/lib/node_modules/firebase-tools/lib/deploy/functions/release/fabricator.js:294:27
    at process.processTicksAndRejections (node:internal/process/task_queues:105:5)
    at async Fabricator.createV2Function (/usr/local/lib/node_modules/firebase-tools/lib/deploy/functions/release/fabricator.js:278:30)
    at async Fabricator.createEndpoint (/usr/local/lib/node_modules/firebase-tools/lib/deploy/functions/release/fabricator.js:137:13)
    at async handle (/usr/local/lib/node_modules/firebase-tools/lib/deploy/functions/release/fabricator.js:89:17)
[error] 
[error] Error: There was an error deploying functions
[debug] [2025-07-15T04:31:36.746Z] ----------------------------------------------------------------------
[debug] [2025-07-15T04:31:36.757Z] Command:       /usr/local/Cellar/node/24.4.0/bin/node /usr/local/bin/firebase deploy --only functions
[debug] [2025-07-15T04:31:36.758Z] CLI Version:   14.10.1
[debug] [2025-07-15T04:31:36.758Z] Platform:      darwin
[debug] [2025-07-15T04:31:36.758Z] Node Version:  v24.4.0
[debug] [2025-07-15T04:31:36.758Z] Time:          Tue Jul 15 2025 09:31:36 GMT+0500 (Pakistan Standard Time)
[debug] [2025-07-15T04:31:36.758Z] ----------------------------------------------------------------------
[debug] 
[debug] [2025-07-15T04:31:36.982Z] > command requires scopes: ["email","openid","https://www.googleapis.com/auth/cloudplatformprojects.readonly","https://www.googleapis.com/auth/firebase","https://www.googleapis.com/auth/cloud-platform"]
[debug] [2025-07-15T04:31:36.983Z] > authorizing via signed-in user (mehran@getconnects.com.au)
[debug] [2025-07-15T04:31:36.983Z] [iam] checking project getconnects-dashboard for permissions ["cloudfunctions.functions.create","cloudfunctions.functions.delete","cloudfunctions.functions.get","cloudfunctions.functions.list","cloudfunctions.functions.update","cloudfunctions.operations.get","firebase.projects.get"]
[debug] [2025-07-15T04:31:36.984Z] Checked if tokens are valid: true, expires at: 1752555914582
[debug] [2025-07-15T04:31:36.984Z] Checked if tokens are valid: true, expires at: 1752555914582
[debug] [2025-07-15T04:31:36.985Z] >>> [apiv2][query] POST https://cloudresourcemanager.googleapis.com/v1/projects/getconnects-dashboard:testIamPermissions [none]
[debug] [2025-07-15T04:31:36.985Z] >>> [apiv2][(partial)header] POST https://cloudresourcemanager.googleapis.com/v1/projects/getconnects-dashboard:testIamPermissions x-goog-quota-user=projects/getconnects-dashboard
[debug] [2025-07-15T04:31:36.985Z] >>> [apiv2][body] POST https://cloudresourcemanager.googleapis.com/v1/projects/getconnects-dashboard:testIamPermissions {"permissions":["cloudfunctions.functions.create","cloudfunctions.functions.delete","cloudfunctions.functions.get","cloudfunctions.functions.list","cloudfunctions.functions.update","cloudfunctions.operations.get","firebase.projects.get"]}
[debug] [2025-07-15T04:31:38.703Z] <<< [apiv2][status] POST https://cloudresourcemanager.googleapis.com/v1/projects/getconnects-dashboard:testIamPermissions 200
[debug] [2025-07-15T04:31:38.703Z] <<< [apiv2][body] POST https://cloudresourcemanager.googleapis.com/v1/projects/getconnects-dashboard:testIamPermissions {"permissions":["cloudfunctions.functions.create","cloudfunctions.functions.delete","cloudfunctions.functions.get","cloudfunctions.functions.list","cloudfunctions.functions.update","cloudfunctions.operations.get","firebase.projects.get"]}
[debug] [2025-07-15T04:31:38.703Z] Checked if tokens are valid: true, expires at: 1752555914582
[debug] [2025-07-15T04:31:38.703Z] Checked if tokens are valid: true, expires at: 1752555914582
[debug] [2025-07-15T04:31:38.703Z] >>> [apiv2][query] POST https://iam.googleapis.com/v1/projects/getconnects-dashboard/serviceAccounts/getconnects-dashboard@appspot.gserviceaccount.com:testIamPermissions [none]
[debug] [2025-07-15T04:31:38.703Z] >>> [apiv2][body] POST https://iam.googleapis.com/v1/projects/getconnects-dashboard/serviceAccounts/getconnects-dashboard@appspot.gserviceaccount.com:testIamPermissions {"permissions":["iam.serviceAccounts.actAs"]}
[debug] [2025-07-15T04:31:40.852Z] <<< [apiv2][status] POST https://iam.googleapis.com/v1/projects/getconnects-dashboard/serviceAccounts/getconnects-dashboard@appspot.gserviceaccount.com:testIamPermissions 200
[debug] [2025-07-15T04:31:40.852Z] <<< [apiv2][body] POST https://iam.googleapis.com/v1/projects/getconnects-dashboard/serviceAccounts/getconnects-dashboard@appspot.gserviceaccount.com:testIamPermissions {"permissions":["iam.serviceAccounts.actAs"]}
[info] 
[info] === Deploying to 'getconnects-dashboard'...
[info] 
[info] i  deploying functions 
[debug] [2025-07-15T04:31:40.856Z] Checked if tokens are valid: true, expires at: 1752555914582
[debug] [2025-07-15T04:31:40.856Z] Checked if tokens are valid: true, expires at: 1752555914582
[debug] [2025-07-15T04:31:40.856Z] >>> [apiv2][query] GET https://cloudresourcemanager.googleapis.com/v1/projects/getconnects-dashboard [none]
[debug] [2025-07-15T04:31:41.390Z] <<< [apiv2][status] GET https://cloudresourcemanager.googleapis.com/v1/projects/getconnects-dashboard 200
[debug] [2025-07-15T04:31:41.390Z] <<< [apiv2][body] GET https://cloudresourcemanager.googleapis.com/v1/projects/getconnects-dashboard {"projectNumber":"418337344954","projectId":"getconnects-dashboard","lifecycleState":"ACTIVE","name":"getconnects-dashboard","labels":{"firebase":"enabled","firebase-core":"disabled"},"createTime":"2025-07-15T03:13:40.496002Z","parent":{"type":"organization","id":"1029238353771"}}
[info] i  functions: preparing codebase default for deployment 
[info] i  functions: ensuring required API cloudfunctions.googleapis.com is enabled... 
[info] i  functions: ensuring required API cloudbuild.googleapis.com is enabled... 
[info] i  artifactregistry: ensuring required API artifactregistry.googleapis.com is enabled... 
[debug] [2025-07-15T04:31:41.393Z] Checked if tokens are valid: true, expires at: 1752555914582
[debug] [2025-07-15T04:31:41.393Z] Checked if tokens are valid: true, expires at: 1752555914582
[debug] [2025-07-15T04:31:41.393Z] >>> [apiv2][query] GET https://firebase.googleapis.com/v1beta1/projects/getconnects-dashboard/adminSdkConfig [none]
[debug] [2025-07-15T04:31:42.401Z] <<< [apiv2][status] GET https://firebase.googleapis.com/v1beta1/projects/getconnects-dashboard/adminSdkConfig 200
[debug] [2025-07-15T04:31:42.402Z] <<< [apiv2][body] GET https://firebase.googleapis.com/v1beta1/projects/getconnects-dashboard/adminSdkConfig {"projectId":"getconnects-dashboard","storageBucket":"getconnects-dashboard.firebasestorage.app"}
[debug] [2025-07-15T04:31:42.402Z] Checked if tokens are valid: true, expires at: 1752555914582
[debug] [2025-07-15T04:31:42.402Z] Checked if tokens are valid: true, expires at: 1752555914582
[debug] [2025-07-15T04:31:42.403Z] >>> [apiv2][query] GET https://runtimeconfig.googleapis.com/v1beta1/projects/getconnects-dashboard/configs [none]
[debug] [2025-07-15T04:31:43.290Z] <<< [apiv2][status] GET https://runtimeconfig.googleapis.com/v1beta1/projects/getconnects-dashboard/configs 200
[debug] [2025-07-15T04:31:43.290Z] <<< [apiv2][body] GET https://runtimeconfig.googleapis.com/v1beta1/projects/getconnects-dashboard/configs {}
[debug] [2025-07-15T04:31:43.298Z] Validating nodejs source
[debug] [2025-07-15T04:31:45.238Z] > [functions] package.json contents: {
  "name": "functions",
  "description": "Cloud Functions for Firebase",
  "scripts": {
    "serve": "firebase emulators:start --only functions",
    "shell": "firebase functions:shell",
    "start": "npm run shell",
    "deploy": "firebase deploy --only functions",
    "logs": "firebase functions:log"
  },
  "engines": {
    "node": "22"
  },
  "main": "index.js",
  "dependencies": {
    "firebase-admin": "^12.6.0",
    "firebase-functions": "^6.0.1"
  },
  "devDependencies": {
    "firebase-functions-test": "^3.1.0"
  },
  "private": true
}
[debug] [2025-07-15T04:31:45.238Z] Building nodejs source
[info] i  functions: Loading and analyzing source code for codebase default to determine what to deploy 
[debug] [2025-07-15T04:31:45.239Z] Could not find functions.yaml. Must use http discovery
[debug] [2025-07-15T04:31:45.253Z] Found firebase-functions binary at '/Users/muhammadqadeer/Getconnects app/master-dashboard-app/functions/node_modules/.bin/firebase-functions'
[info] Serving at port 8027

[debug] [2025-07-15T04:31:46.074Z] Got response from /__/functions.yaml {"endpoints":{"createClient":{"availableMemoryMb":null,"timeoutSeconds":null,"minInstances":null,"maxInstances":null,"ingressSettings":null,"concurrency":null,"serviceAccountEmail":null,"vpc":null,"platform":"gcfv2","labels":{},"callableTrigger":{},"entryPoint":"createClient"}},"specVersion":"v1alpha1","requiredAPIs":[],"extensions":{}}
[info] i  extensions: ensuring required API firebaseextensions.googleapis.com is enabled... 
[debug] [2025-07-15T04:31:50.106Z] > command requires scopes: ["email","openid","https://www.googleapis.com/auth/cloudplatformprojects.readonly","https://www.googleapis.com/auth/firebase","https://www.googleapis.com/auth/cloud-platform"]
[debug] [2025-07-15T04:31:50.106Z] > authorizing via signed-in user (mehran@getconnects.com.au)
[debug] [2025-07-15T04:31:50.106Z] [iam] checking project getconnects-dashboard for permissions ["firebase.projects.get","firebaseextensions.instances.list"]
[debug] [2025-07-15T04:31:50.107Z] Checked if tokens are valid: true, expires at: 1752555914582
[debug] [2025-07-15T04:31:50.107Z] Checked if tokens are valid: true, expires at: 1752555914582
[debug] [2025-07-15T04:31:50.107Z] >>> [apiv2][query] POST https://cloudresourcemanager.googleapis.com/v1/projects/getconnects-dashboard:testIamPermissions [none]
[debug] [2025-07-15T04:31:50.107Z] >>> [apiv2][(partial)header] POST https://cloudresourcemanager.googleapis.com/v1/projects/getconnects-dashboard:testIamPermissions x-goog-quota-user=projects/getconnects-dashboard
[debug] [2025-07-15T04:31:50.107Z] >>> [apiv2][body] POST https://cloudresourcemanager.googleapis.com/v1/projects/getconnects-dashboard:testIamPermissions {"permissions":["firebase.projects.get","firebaseextensions.instances.list"]}
[debug] [2025-07-15T04:31:51.794Z] <<< [apiv2][status] POST https://cloudresourcemanager.googleapis.com/v1/projects/getconnects-dashboard:testIamPermissions 200
[debug] [2025-07-15T04:31:51.794Z] <<< [apiv2][body] POST https://cloudresourcemanager.googleapis.com/v1/projects/getconnects-dashboard:testIamPermissions {"permissions":["firebase.projects.get","firebaseextensions.instances.list"]}
[debug] [2025-07-15T04:31:51.795Z] Checked if tokens are valid: true, expires at: 1752555914582
[debug] [2025-07-15T04:31:51.795Z] Checked if tokens are valid: true, expires at: 1752555914582
[debug] [2025-07-15T04:31:51.795Z] >>> [apiv2][query] GET https://firebaseextensions.googleapis.com/v1beta/projects/getconnects-dashboard/instances pageSize=100&pageToken=
[debug] [2025-07-15T04:31:53.507Z] <<< [apiv2][status] GET https://firebaseextensions.googleapis.com/v1beta/projects/getconnects-dashboard/instances 200
[debug] [2025-07-15T04:31:53.508Z] <<< [apiv2][body] GET https://firebaseextensions.googleapis.com/v1beta/projects/getconnects-dashboard/instances {}
[info] i  functions: preparing functions directory for uploading... 
[info] i  functions: packaged /Users/muhammadqadeer/Getconnects app/master-dashboard-app/functions (69.7 KB) for uploading 
[debug] [2025-07-15T04:31:53.564Z] Checked if tokens are valid: true, expires at: 1752555914582
[debug] [2025-07-15T04:31:53.564Z] Checked if tokens are valid: true, expires at: 1752555914582
[debug] [2025-07-15T04:31:53.565Z] >>> [apiv2][query] GET https://cloudfunctions.googleapis.com/v1/projects/getconnects-dashboard/locations/-/functions [none]
[debug] [2025-07-15T04:31:54.957Z] <<< [apiv2][status] GET https://cloudfunctions.googleapis.com/v1/projects/getconnects-dashboard/locations/-/functions 200
[debug] [2025-07-15T04:31:54.957Z] <<< [apiv2][body] GET https://cloudfunctions.googleapis.com/v1/projects/getconnects-dashboard/locations/-/functions {}
[debug] [2025-07-15T04:31:54.957Z] Checked if tokens are valid: true, expires at: 1752555914582
[debug] [2025-07-15T04:31:54.957Z] Checked if tokens are valid: true, expires at: 1752555914582
[debug] [2025-07-15T04:31:54.957Z] >>> [apiv2][query] GET https://cloudfunctions.googleapis.com/v2/projects/getconnects-dashboard/locations/-/functions filter=environment%3D%22GEN_2%22
[debug] [2025-07-15T04:31:56.788Z] <<< [apiv2][status] GET https://cloudfunctions.googleapis.com/v2/projects/getconnects-dashboard/locations/-/functions 200
[debug] [2025-07-15T04:31:56.788Z] <<< [apiv2][body] GET https://cloudfunctions.googleapis.com/v2/projects/getconnects-dashboard/locations/-/functions {"functions":[{"name":"projects/getconnects-dashboard/locations/us-central1/functions/createClient","buildConfig":{"build":"projects/418337344954/locations/us-central1/builds/12484eef-456f-42b8-920e-b5f44ef8599d","runtime":"nodejs22","entryPoint":"createClient","source":{"storageSource":{"bucket":"gcf-v2-sources-418337344954-us-central1","object":"createClient/function-source.zip","generation":"1752553593951770"}},"environmentVariables":{"GOOGLE_NODE_RUN_SCRIPTS":""},"dockerRepository":"projects/getconnects-dashboard/locations/us-central1/repositories/gcf-artifacts","sourceProvenance":{"resolvedStorageSource":{"bucket":"gcf-v2-sources-418337344954-us-central1","object":"createClient/function-source.zip","generation":"1752553593951770"}},"dockerRegistry":"ARTIFACT_REGISTRY","serviceAccount":"projects/getconnects-dashboard/serviceAccounts/418337344954-compute@developer.gserviceaccount.com","automaticUpdatePolicy":{}},"state":"FAILED","updateTime":"2025-07-15T04:26:58.662012356Z","labels":{"deployment-callable":"true","firebase-functions-hash":"c13846358409f0e3cbe34d769643b621a70d0ddc","deployment-tool":"cli-firebase"},"stateMessages":[{"severity":"ERROR","type":"CloudRunServiceNotFound","message":"Cloud Run service projects/getconnects-dashboard/locations/us-central1/services/createclient for the function was not found. The function will not work correctly. Please redeploy."}],"environment":"GEN_2","url":"https://us-central1-getconnects-dashboard.cloudfunctions.net/createClient","createTime":"2025-07-15T04:26:34.310767803Z","satisfiesPzi":true}]}
[info] i  functions: ensuring required API run.googleapis.com is enabled... 
[info] i  functions: ensuring required API eventarc.googleapis.com is enabled... 
[info] i  functions: ensuring required API pubsub.googleapis.com is enabled... 
[info] i  functions: ensuring required API storage.googleapis.com is enabled... 
[info] i  functions: generating the service identity for pubsub.googleapis.com... 
[debug] [2025-07-15T04:31:56.792Z] Checked if tokens are valid: true, expires at: 1752555914582
[debug] [2025-07-15T04:31:56.792Z] Checked if tokens are valid: true, expires at: 1752555914582
[info] i  functions: generating the service identity for eventarc.googleapis.com... 
[debug] [2025-07-15T04:31:56.792Z] Checked if tokens are valid: true, expires at: 1752555914582
[debug] [2025-07-15T04:31:56.792Z] Checked if tokens are valid: true, expires at: 1752555914582
[debug] [2025-07-15T04:31:56.793Z] >>> [apiv2][query] POST https://serviceusage.googleapis.com/v1beta1/projects/418337344954/services/pubsub.googleapis.com:generateServiceIdentity [none]
[debug] [2025-07-15T04:31:56.793Z] >>> [apiv2][(partial)header] POST https://serviceusage.googleapis.com/v1beta1/projects/418337344954/services/pubsub.googleapis.com:generateServiceIdentity x-goog-quota-user=projects/418337344954
[debug] [2025-07-15T04:31:56.793Z] >>> [apiv2][body] POST https://serviceusage.googleapis.com/v1beta1/projects/418337344954/services/pubsub.googleapis.com:generateServiceIdentity {}
[debug] [2025-07-15T04:31:56.794Z] >>> [apiv2][query] POST https://serviceusage.googleapis.com/v1beta1/projects/418337344954/services/eventarc.googleapis.com:generateServiceIdentity [none]
[debug] [2025-07-15T04:31:56.794Z] >>> [apiv2][(partial)header] POST https://serviceusage.googleapis.com/v1beta1/projects/418337344954/services/eventarc.googleapis.com:generateServiceIdentity x-goog-quota-user=projects/418337344954
[debug] [2025-07-15T04:31:56.794Z] >>> [apiv2][body] POST https://serviceusage.googleapis.com/v1beta1/projects/418337344954/services/eventarc.googleapis.com:generateServiceIdentity {}
[debug] [2025-07-15T04:31:58.894Z] <<< [apiv2][status] POST https://serviceusage.googleapis.com/v1beta1/projects/418337344954/services/pubsub.googleapis.com:generateServiceIdentity 200
[debug] [2025-07-15T04:31:58.894Z] <<< [apiv2][body] POST https://serviceusage.googleapis.com/v1beta1/projects/418337344954/services/pubsub.googleapis.com:generateServiceIdentity {"name":"operations/finished.DONE_OPERATION","done":true,"response":{"@type":"type.googleapis.com/google.api.serviceusage.v1beta1.ServiceIdentity","email":"service-418337344954@gcp-sa-pubsub.iam.gserviceaccount.com","uniqueId":"101617782911647587543"}}
[debug] [2025-07-15T04:31:58.934Z] <<< [apiv2][status] POST https://serviceusage.googleapis.com/v1beta1/projects/418337344954/services/eventarc.googleapis.com:generateServiceIdentity 200
[debug] [2025-07-15T04:31:58.934Z] <<< [apiv2][body] POST https://serviceusage.googleapis.com/v1beta1/projects/418337344954/services/eventarc.googleapis.com:generateServiceIdentity {"name":"operations/finished.DONE_OPERATION","done":true,"response":{"@type":"type.googleapis.com/google.api.serviceusage.v1beta1.ServiceIdentity","email":"service-418337344954@gcp-sa-eventarc.iam.gserviceaccount.com","uniqueId":"101043560267441228595"}}
[debug] [2025-07-15T04:31:58.937Z] Checked if tokens are valid: true, expires at: 1752555914582
[debug] [2025-07-15T04:31:58.937Z] Checked if tokens are valid: true, expires at: 1752555914582
[debug] [2025-07-15T04:31:58.937Z] >>> [apiv2][query] GET https://cloudresourcemanager.googleapis.com/v1/projects/getconnects-dashboard [none]
[debug] [2025-07-15T04:32:00.550Z] <<< [apiv2][status] GET https://cloudresourcemanager.googleapis.com/v1/projects/getconnects-dashboard 200
[debug] [2025-07-15T04:32:00.550Z] <<< [apiv2][body] GET https://cloudresourcemanager.googleapis.com/v1/projects/getconnects-dashboard {"projectNumber":"418337344954","projectId":"getconnects-dashboard","lifecycleState":"ACTIVE","name":"getconnects-dashboard","labels":{"firebase":"enabled","firebase-core":"disabled"},"createTime":"2025-07-15T03:13:40.496002Z","parent":{"type":"organization","id":"1029238353771"}}
[debug] [2025-07-15T04:32:00.550Z] Checked if tokens are valid: true, expires at: 1752555914582
[debug] [2025-07-15T04:32:00.550Z] Checked if tokens are valid: true, expires at: 1752555914582
[debug] [2025-07-15T04:32:00.550Z] >>> [apiv2][query] GET https://compute.googleapis.com/compute/v1/projects/418337344954 [none]
[debug] [2025-07-15T04:32:01.450Z] <<< [apiv2][status] GET https://compute.googleapis.com/compute/v1/projects/418337344954 403
[debug] [2025-07-15T04:32:01.450Z] <<< [apiv2][body] GET https://compute.googleapis.com/compute/v1/projects/418337344954 {"error":{"code":403,"message":"Compute Engine API has not been used in project 418337344954 before or it is disabled. Enable it by visiting https://console.developers.google.com/apis/api/compute.googleapis.com/overview?project=418337344954 then retry. If you enabled this API recently, wait a few minutes for the action to propagate to our systems and retry.","errors":[{"message":"Compute Engine API has not been used in project 418337344954 before or it is disabled. Enable it by visiting https://console.developers.google.com/apis/api/compute.googleapis.com/overview?project=418337344954 then retry. If you enabled this API recently, wait a few minutes for the action to propagate to our systems and retry.","domain":"usageLimits","reason":"accessNotConfigured","extendedHelp":"https://console.developers.google.com"}],"status":"PERMISSION_DENIED","details":[{"@type":"type.googleapis.com/google.rpc.ErrorInfo","reason":"SERVICE_DISABLED","domain":"googleapis.com","metadata":{"activationUrl":"https://console.developers.google.com/apis/api/compute.googleapis.com/overview?project=418337344954","containerInfo":"418337344954","consumer":"projects/418337344954","serviceTitle":"Compute Engine API","service":"compute.googleapis.com"}},{"@type":"type.googleapis.com/google.rpc.LocalizedMessage","locale":"en-US","message":"Compute Engine API has not been used in project 418337344954 before or it is disabled. Enable it by visiting https://console.developers.google.com/apis/api/compute.googleapis.com/overview?project=418337344954 then retry. If you enabled this API recently, wait a few minutes for the action to propagate to our systems and retry."},{"@type":"type.googleapis.com/google.rpc.Help","links":[{"description":"Google developers console API activation","url":"https://console.developers.google.com/apis/api/compute.googleapis.com/overview?project=418337344954"}]}]}}
[debug] [2025-07-15T04:32:01.451Z] unable to look up default compute service account. Falling back to 418337344954-compute@developer.gserviceaccount.com. Error: {"name":"FirebaseError","children":[],"context":{"body":{"error":{"code":403,"message":"Compute Engine API has not been used in project 418337344954 before or it is disabled. Enable it by visiting https://console.developers.google.com/apis/api/compute.googleapis.com/overview?project=418337344954 then retry. If you enabled this API recently, wait a few minutes for the action to propagate to our systems and retry.","errors":[{"message":"Compute Engine API has not been used in project 418337344954 before or it is disabled. Enable it by visiting https://console.developers.google.com/apis/api/compute.googleapis.com/overview?project=418337344954 then retry. If you enabled this API recently, wait a few minutes for the action to propagate to our systems and retry.","domain":"usageLimits","reason":"accessNotConfigured","extendedHelp":"https://console.developers.google.com"}],"status":"PERMISSION_DENIED","details":[{"@type":"type.googleapis.com/google.rpc.ErrorInfo","reason":"SERVICE_DISABLED","domain":"googleapis.com","metadata":{"activationUrl":"https://console.developers.google.com/apis/api/compute.googleapis.com/overview?project=418337344954","containerInfo":"418337344954","consumer":"projects/418337344954","serviceTitle":"Compute Engine API","service":"compute.googleapis.com"}},{"@type":"type.googleapis.com/google.rpc.LocalizedMessage","locale":"en-US","message":"Compute Engine API has not been used in project 418337344954 before or it is disabled. Enable it by visiting https://console.developers.google.com/apis/api/compute.googleapis.com/overview?project=418337344954 then retry. If you enabled this API recently, wait a few minutes for the action to propagate to our systems and retry."},{"@type":"type.googleapis.com/google.rpc.Help","links":[{"description":"Google developers console API activation","url":"https://console.developers.google.com/apis/api/compute.googleapis.com/overview?project=418337344954"}]}]}},"response":{"statusCode":403}},"exit":1,"message":"Request to https://compute.googleapis.com/compute/v1/projects/418337344954 had HTTP Error: 403, Compute Engine API has not been used in project 418337344954 before or it is disabled. Enable it by visiting https://console.developers.google.com/apis/api/compute.googleapis.com/overview?project=418337344954 then retry. If you enabled this API recently, wait a few minutes for the action to propagate to our systems and retry.","status":403}
[debug] [2025-07-15T04:32:01.451Z] Checked if tokens are valid: true, expires at: 1752555914582
[debug] [2025-07-15T04:32:01.451Z] Checked if tokens are valid: true, expires at: 1752555914582
[debug] [2025-07-15T04:32:01.451Z] >>> [apiv2][query] GET https://compute.googleapis.com/compute/v1/projects/418337344954 [none]
[debug] [2025-07-15T04:32:01.972Z] <<< [apiv2][status] GET https://compute.googleapis.com/compute/v1/projects/418337344954 403
[debug] [2025-07-15T04:32:01.973Z] <<< [apiv2][body] GET https://compute.googleapis.com/compute/v1/projects/418337344954 {"error":{"code":403,"message":"Compute Engine API has not been used in project 418337344954 before or it is disabled. Enable it by visiting https://console.developers.google.com/apis/api/compute.googleapis.com/overview?project=418337344954 then retry. If you enabled this API recently, wait a few minutes for the action to propagate to our systems and retry.","errors":[{"message":"Compute Engine API has not been used in project 418337344954 before or it is disabled. Enable it by visiting https://console.developers.google.com/apis/api/compute.googleapis.com/overview?project=418337344954 then retry. If you enabled this API recently, wait a few minutes for the action to propagate to our systems and retry.","domain":"usageLimits","reason":"accessNotConfigured","extendedHelp":"https://console.developers.google.com"}],"status":"PERMISSION_DENIED","details":[{"@type":"type.googleapis.com/google.rpc.ErrorInfo","reason":"SERVICE_DISABLED","domain":"googleapis.com","metadata":{"containerInfo":"418337344954","serviceTitle":"Compute Engine API","consumer":"projects/418337344954","service":"compute.googleapis.com","activationUrl":"https://console.developers.google.com/apis/api/compute.googleapis.com/overview?project=418337344954"}},{"@type":"type.googleapis.com/google.rpc.LocalizedMessage","locale":"en-US","message":"Compute Engine API has not been used in project 418337344954 before or it is disabled. Enable it by visiting https://console.developers.google.com/apis/api/compute.googleapis.com/overview?project=418337344954 then retry. If you enabled this API recently, wait a few minutes for the action to propagate to our systems and retry."},{"@type":"type.googleapis.com/google.rpc.Help","links":[{"description":"Google developers console API activation","url":"https://console.developers.google.com/apis/api/compute.googleapis.com/overview?project=418337344954"}]}]}}
[debug] [2025-07-15T04:32:01.973Z] unable to look up default compute service account. Falling back to 418337344954-compute@developer.gserviceaccount.com. Error: {"name":"FirebaseError","children":[],"context":{"body":{"error":{"code":403,"message":"Compute Engine API has not been used in project 418337344954 before or it is disabled. Enable it by visiting https://console.developers.google.com/apis/api/compute.googleapis.com/overview?project=418337344954 then retry. If you enabled this API recently, wait a few minutes for the action to propagate to our systems and retry.","errors":[{"message":"Compute Engine API has not been used in project 418337344954 before or it is disabled. Enable it by visiting https://console.developers.google.com/apis/api/compute.googleapis.com/overview?project=418337344954 then retry. If you enabled this API recently, wait a few minutes for the action to propagate to our systems and retry.","domain":"usageLimits","reason":"accessNotConfigured","extendedHelp":"https://console.developers.google.com"}],"status":"PERMISSION_DENIED","details":[{"@type":"type.googleapis.com/google.rpc.ErrorInfo","reason":"SERVICE_DISABLED","domain":"googleapis.com","metadata":{"containerInfo":"418337344954","serviceTitle":"Compute Engine API","consumer":"projects/418337344954","service":"compute.googleapis.com","activationUrl":"https://console.developers.google.com/apis/api/compute.googleapis.com/overview?project=418337344954"}},{"@type":"type.googleapis.com/google.rpc.LocalizedMessage","locale":"en-US","message":"Compute Engine API has not been used in project 418337344954 before or it is disabled. Enable it by visiting https://console.developers.google.com/apis/api/compute.googleapis.com/overview?project=418337344954 then retry. If you enabled this API recently, wait a few minutes for the action to propagate to our systems and retry."},{"@type":"type.googleapis.com/google.rpc.Help","links":[{"description":"Google developers console API activation","url":"https://console.developers.google.com/apis/api/compute.googleapis.com/overview?project=418337344954"}]}]}},"response":{"statusCode":403}},"exit":1,"message":"Request to https://compute.googleapis.com/compute/v1/projects/418337344954 had HTTP Error: 403, Compute Engine API has not been used in project 418337344954 before or it is disabled. Enable it by visiting https://console.developers.google.com/apis/api/compute.googleapis.com/overview?project=418337344954 then retry. If you enabled this API recently, wait a few minutes for the action to propagate to our systems and retry.","status":403}
[debug] [2025-07-15T04:32:01.975Z] Checked if tokens are valid: true, expires at: 1752555914582
[debug] [2025-07-15T04:32:01.975Z] Checked if tokens are valid: true, expires at: 1752555914582
[debug] [2025-07-15T04:32:01.975Z] >>> [apiv2][query] GET https://cloudbilling.googleapis.com/v1/projects/getconnects-dashboard/billingInfo [none]
[debug] [2025-07-15T04:32:03.003Z] <<< [apiv2][status] GET https://cloudbilling.googleapis.com/v1/projects/getconnects-dashboard/billingInfo 200
[debug] [2025-07-15T04:32:03.003Z] <<< [apiv2][body] GET https://cloudbilling.googleapis.com/v1/projects/getconnects-dashboard/billingInfo {"name":"projects/getconnects-dashboard/billingInfo","projectId":"getconnects-dashboard","billingAccountName":"billingAccounts/0153F9-B79E7D-50F045","billingEnabled":true}
[info] i  functions: updating Node.js 22 (2nd Gen) function createClient(us-central1)... 
[debug] [2025-07-15T04:32:03.008Z] Precondition failed. Cannot update a GCFv2 function without storage
[debug] [2025-07-15T04:32:03.013Z] Total Function Deployment time: 1
[debug] [2025-07-15T04:32:03.013Z] 1 Functions Deployed
[debug] [2025-07-15T04:32:03.013Z] 1 Functions Errored
[debug] [2025-07-15T04:32:03.013Z] 0 Function Deployments Aborted
[debug] [2025-07-15T04:32:03.013Z] Average Function Deployment time: 0
[info] 
[info] Functions deploy had errors with the following functions:
	createClient(us-central1)
[debug] [2025-07-15T04:32:03.812Z] Checked if tokens are valid: true, expires at: 1752555914582
[debug] [2025-07-15T04:32:03.812Z] Checked if tokens are valid: true, expires at: 1752555914582
[debug] [2025-07-15T04:32:03.812Z] >>> [apiv2][query] GET https://artifactregistry.googleapis.com/v1/projects/getconnects-dashboard/locations/us-central1/repositories/gcf-artifacts [none]
[debug] [2025-07-15T04:32:05.770Z] <<< [apiv2][status] GET https://artifactregistry.googleapis.com/v1/projects/getconnects-dashboard/locations/us-central1/repositories/gcf-artifacts 200
[debug] [2025-07-15T04:32:05.770Z] <<< [apiv2][body] GET https://artifactregistry.googleapis.com/v1/projects/getconnects-dashboard/locations/us-central1/repositories/gcf-artifacts {"name":"projects/getconnects-dashboard/locations/us-central1/repositories/gcf-artifacts","format":"DOCKER","description":"This repository is created and used by Cloud Functions for storing function docker images.","labels":{"goog-managed-by":"cloudfunctions"},"createTime":"2025-07-15T04:26:43.438777Z","updateTime":"2025-07-15T04:27:52.905783Z","mode":"STANDARD_REPOSITORY","cleanupPolicies":{"firebase-functions-cleanup":{"id":"firebase-functions-cleanup","action":"DELETE","condition":{"tagState":"ANY","olderThan":"86400s"}}},"vulnerabilityScanningConfig":{"lastEnableTime":"2025-07-15T04:26:34.497680025Z","enablementState":"SCANNING_DISABLED","enablementStateReason":"API containerscanning.googleapis.com is not enabled."},"satisfiesPzi":true,"registryUri":"us-central1-docker.pkg.dev/getconnects-dashboard/gcf-artifacts"}
[debug] [2025-07-15T04:32:05.770Z] Functions deploy failed.
[debug] [2025-07-15T04:32:05.770Z] {}
[debug] [2025-07-15T04:32:05.957Z] Error: Precondition failed
    at Fabricator.updateV2Function (/usr/local/lib/node_modules/firebase-tools/lib/deploy/functions/release/fabricator.js:382:19)
    at Fabricator.updateEndpoint (/usr/local/lib/node_modules/firebase-tools/lib/deploy/functions/release/fabricator.js:155:24)
    at /usr/local/lib/node_modules/firebase-tools/lib/deploy/functions/release/fabricator.js:110:71
    at handle (/usr/local/lib/node_modules/firebase-tools/lib/deploy/functions/release/fabricator.js:89:23)
    at Fabricator.applyChangeset (/usr/local/lib/node_modules/firebase-tools/lib/deploy/functions/release/fabricator.js:110:26)
    at /usr/local/lib/node_modules/firebase-tools/lib/deploy/functions/release/fabricator.js:69:40
    at Array.map (<anonymous>)
    at Fabricator.applyPlan (/usr/local/lib/node_modules/firebase-tools/lib/deploy/functions/release/fabricator.js:68:54)
    at release (/usr/local/lib/node_modules/firebase-tools/lib/deploy/functions/release/index.js:76:31)
    at process.processTicksAndRejections (node:internal/process/task_queues:105:5)
[error] 
[error] Error: There was an error deploying functions
